Initializing training...
------------------------------------------------------------------------------------------------------------------------------------------------
CREATING IMAGE SET
------------------------------------------------------------------------------------------------------------------------------------------------
Loaded 4 labels
Loading and preprocessing images... This may take few moments depending of the number and size of images.
C:\Users\Zoran\Downloads\archive300x4\Training\pituitary\Tr-pi_5.jpg
C:\Users\Zoran\Downloads\archive300x4\Training\glioma\Tr-gl_285.jpg
C:\Users\Zoran\Downloads\archive300x4\Training\glioma\Tr-gl_147.jpg
C:\Users\Zoran\Downloads\archive300x4\Training\pituitary\Tr-pi_266.jpg
C:\Users\Zoran\Downloads\archive300x4\Training\meningioma\Tr-me_15.jpg
C:\Users\Zoran\Downloads\archive300x4\Training\notumor\Tr-no_179.jpg
C:\Users\Zoran\Downloads\archive300x4\Training\notumor\Tr-no_255.jpg
C:\Users\Zoran\Downloads\archive300x4\Training\pituitary\Tr-pi_83.jpg
C:\Users\Zoran\Downloads\archive300x4\Training\notumor\Tr-no_14.jpg
C:\Users\Zoran\Downloads\archive300x4\Training\glioma\Tr-gl_188.jpg
C:\Users\Zoran\Downloads\archive300x4\Training\glioma\Tr-gl_116.jpg
C:\Users\Zoran\Downloads\archive300x4\Training\glioma\Tr-gl_191.jpg
C:\Users\Zoran\Downloads\archive300x4\Training\pituitary\Tr-pi_274.jpg
C:\Users\Zoran\Downloads\archive300x4\Training\pituitary\Tr-pi_195.jpg
C:\Users\Zoran\Downloads\archive300x4\Training\glioma\Tr-gl_288.jpg
C:\Users\Zoran\Downloads\archive300x4\Training\notumor\Tr-no_184.jpg
C:\Users\Zoran\Downloads\archive300x4\Training\meningioma\Tr-me_156.jpg
C:\Users\Zoran\Downloads\archive300x4\Training\pituitary\Tr-pi_158.jpg
C:\Users\Zoran\Downloads\archive300x4\Training\notumor\Tr-no_90.jpg
C:\Users\Zoran\Downloads\archive300x4\Training\pituitary\Tr-pi_218.jpg
C:\Users\Zoran\Downloads\archive300x4\Training\meningioma\Tr-me_158.jpg
C:\Users\Zoran\Downloads\archive300x4\Training\pituitary\Tr-pi_239.jpg
C:\Users\Zoran\Downloads\archive300x4\Training\pituitary\Tr-pi_77.jpg
C:\Users\Zoran\Downloads\archive300x4\Training\meningioma\Tr-aug-me_26.jpg
C:\Users\Zoran\Downloads\archive300x4\Training\notumor\Tr-no_174.jpg
C:\Users\Zoran\Downloads\archive300x4\Training\notumor\Tr-no_68.jpg
C:\Users\Zoran\Downloads\archive300x4\Training\glioma\Tr-gl_69.jpg
C:\Users\Zoran\Downloads\archive300x4\Training\pituitary\Tr-pi_27.jpg
C:\Users\Zoran\Downloads\archive300x4\Training\meningioma\Tr-me_125.jpg
C:\Users\Zoran\Downloads\archive300x4\Training\meningioma\Tr-aug-me_73.jpg
C:\Users\Zoran\Downloads\archive300x4\Training\meningioma\Tr-me_108.jpg
C:\Users\Zoran\Downloads\archive300x4\Training\pituitary\Tr-pi_289.jpg
C:\Users\Zoran\Downloads\archive300x4\Training\pituitary\Tr-pi_112.jpg
C:\Users\Zoran\Downloads\archive300x4\Training\glioma\Tr-gl_157.jpg
C:\Users\Zoran\Downloads\archive300x4\Training\glioma\Tr-gl_174.jpg
C:\Users\Zoran\Downloads\archive300x4\Training\pituitary\Tr-pi_284.jpg
C:\Users\Zoran\Downloads\archive300x4\Training\meningioma\Tr-aug-me_50.jpg
C:\Users\Zoran\Downloads\archive300x4\Training\glioma\Tr-gl_101.jpg
C:\Users\Zoran\Downloads\archive300x4\Training\pituitary\Tr-pi_185.jpg
C:\Users\Zoran\Downloads\archive300x4\Training\meningioma\Tr-me_68.jpg
C:\Users\Zoran\Downloads\archive300x4\Training\notumor\Tr-no_300.jpg
C:\Users\Zoran\Downloads\archive300x4\Training\pituitary\Tr-pi_245.jpg
C:\Users\Zoran\Downloads\archive300x4\Training\meningioma\Tr-aug-me_90.jpg
C:\Users\Zoran\Downloads\archive300x4\Training\meningioma\Tr-me_185.jpg
C:\Users\Zoran\Downloads\archive300x4\Training\glioma\Tr-gl_186.jpg
C:\Users\Zoran\Downloads\archive300x4\Training\glioma\Tr-gl_27.jpg
C:\Users\Zoran\Downloads\archive300x4\Training\glioma\Tr-gl_300.jpg
C:\Users\Zoran\Downloads\archive300x4\Training\pituitary\Tr-pi_23.jpg
C:\Users\Zoran\Downloads\archive300x4\Training\notumor\Tr-no_7.jpg
C:\Users\Zoran\Downloads\archive300x4\Training\glioma\Tr-gl_148.jpg
C:\Users\Zoran\Downloads\archive300x4\Training\notumor\Tr-no_172.jpg
C:\Users\Zoran\Downloads\archive300x4\Training\glioma\Tr-gl_111.jpg
C:\Users\Zoran\Downloads\archive300x4\Training\meningioma\Tr-aug-me_60.jpg
C:\Users\Zoran\Downloads\archive300x4\Training\pituitary\Tr-pi_283.jpg
C:\Users\Zoran\Downloads\archive300x4\Training\pituitary\Tr-pi_26.jpg
C:\Users\Zoran\Downloads\archive300x4\Training\glioma\Tr-gl_66.jpg
C:\Users\Zoran\Downloads\archive300x4\Training\glioma\Tr-gl_158.jpg
C:\Users\Zoran\Downloads\archive300x4\Training\glioma\Tr-gl_276.jpg
C:\Users\Zoran\Downloads\archive300x4\Training\pituitary\Tr-pi_71.jpg
C:\Users\Zoran\Downloads\archive300x4\Training\glioma\Tr-gl_224.jpg
C:\Users\Zoran\Downloads\archive300x4\Training\pituitary\Tr-pi_57.jpg
C:\Users\Zoran\Downloads\archive300x4\Training\notumor\Tr-no_60.jpg
C:\Users\Zoran\Downloads\archive300x4\Training\pituitary\Tr-pi_187.jpg
C:\Users\Zoran\Downloads\archive300x4\Training\notumor\Tr-no_132.jpg
C:\Users\Zoran\Downloads\archive300x4\Training\meningioma\Tr-me_34.jpg
C:\Users\Zoran\Downloads\archive300x4\Training\glioma\Tr-gl_146.jpg
C:\Users\Zoran\Downloads\archive300x4\Training\meningioma\Tr-me_103.jpg
C:\Users\Zoran\Downloads\archive300x4\Training\notumor\Tr-no_48.jpg
C:\Users\Zoran\Downloads\archive300x4\Training\pituitary\Tr-pi_186.jpg
C:\Users\Zoran\Downloads\archive300x4\Training\meningioma\Tr-me_8.jpg
C:\Users\Zoran\Downloads\archive300x4\Training\glioma\Tr-gl_251.jpg
C:\Users\Zoran\Downloads\archive300x4\Training\glioma\Tr-gl_282.jpg
C:\Users\Zoran\Downloads\archive300x4\Training\notumor\Tr-no_4.jpg
C:\Users\Zoran\Downloads\archive300x4\Training\notumor\Tr-no_209.jpg
C:\Users\Zoran\Downloads\archive300x4\Training\meningioma\Tr-me_196.jpg
C:\Users\Zoran\Downloads\archive300x4\Training\meningioma\Tr-aug-me_55.jpg
C:\Users\Zoran\Downloads\archive300x4\Training\meningioma\Tr-me_118.jpg
C:\Users\Zoran\Downloads\archive300x4\Training\pituitary\Tr-pi_40.jpg
C:\Users\Zoran\Downloads\archive300x4\Training\glioma\Tr-gl_295.jpg
C:\Users\Zoran\Downloads\archive300x4\Training\notumor\Tr-no_133.jpg
C:\Users\Zoran\Downloads\archive300x4\Training\glioma\Tr-gl_171.jpg
C:\Users\Zoran\Downloads\archive300x4\Training\meningioma\Tr-aug-me_84.jpg
C:\Users\Zoran\Downloads\archive300x4\Training\meningioma\Tr-me_183.jpg
C:\Users\Zoran\Downloads\archive300x4\Training\meningioma\Tr-aug-me_34.jpg
C:\Users\Zoran\Downloads\archive300x4\Training\meningioma\Tr-me_173.jpg
C:\Users\Zoran\Downloads\archive300x4\Training\pituitary\Tr-pi_207.jpg
C:\Users\Zoran\Downloads\archive300x4\Training\meningioma\Tr-aug-me_17.jpg
C:\Users\Zoran\Downloads\archive300x4\Training\pituitary\Tr-pi_213.jpg
C:\Users\Zoran\Downloads\archive300x4\Training\glioma\Tr-gl_1.jpg
C:\Users\Zoran\Downloads\archive300x4\Training\glioma\Tr-gl_187.jpg
C:\Users\Zoran\Downloads\archive300x4\Training\notumor\Tr-no_61.jpg
C:\Users\Zoran\Downloads\archive300x4\Training\pituitary\Tr-pi_171.jpg
C:\Users\Zoran\Downloads\archive300x4\Training\meningioma\Tr-me_64.jpg
C:\Users\Zoran\Downloads\archive300x4\Training\notumor\Tr-no_189.jpg
C:\Users\Zoran\Downloads\archive300x4\Training\meningioma\Tr-me_90.jpg
C:\Users\Zoran\Downloads\archive300x4\Training\notumor\Tr-no_111.jpg
C:\Users\Zoran\Downloads\archive300x4\Training\notumor\Tr-no_110.jpg
C:\Users\Zoran\Downloads\archive300x4\Training\meningioma\Tr-me_153.jpg
C:\Users\Zoran\Downloads\archive300x4\Training\pituitary\Tr-pi_22.jpg
C:\Users\Zoran\Downloads\archive300x4\Training\meningioma\Tr-me_191.jpg
C:\Users\Zoran\Downloads\archive300x4\Training\glioma\Tr-gl_3.jpg
C:\Users\Zoran\Downloads\archive300x4\Training\pituitary\Tr-pi_183.jpg
C:\Users\Zoran\Downloads\archive300x4\Training\glioma\Tr-gl_53.jpg
C:\Users\Zoran\Downloads\archive300x4\Training\meningioma\Tr-aug-me_67.jpg
C:\Users\Zoran\Downloads\archive300x4\Training\meningioma\Tr-aug-me_45.jpg
C:\Users\Zoran\Downloads\archive300x4\Training\meningioma\Tr-aug-me_8.jpg
C:\Users\Zoran\Downloads\archive300x4\Training\glioma\Tr-gl_266.jpg
C:\Users\Zoran\Downloads\archive300x4\Training\meningioma\Tr-me_12.jpg
C:\Users\Zoran\Downloads\archive300x4\Training\pituitary\Tr-pi_120.jpg
C:\Users\Zoran\Downloads\archive300x4\Training\pituitary\Tr-pi_225.jpg
C:\Users\Zoran\Downloads\archive300x4\Training\glioma\Tr-gl_249.jpg
C:\Users\Zoran\Downloads\archive300x4\Training\notumor\Tr-no_43.jpg
C:\Users\Zoran\Downloads\archive300x4\Training\notumor\Tr-no_50.jpg
C:\Users\Zoran\Downloads\archive300x4\Training\glioma\Tr-gl_297.jpg
C:\Users\Zoran\Downloads\archive300x4\Training\pituitary\Tr-pi_296.jpg
C:\Users\Zoran\Downloads\archive300x4\Training\pituitary\Tr-pi_109.jpg
C:\Users\Zoran\Downloads\archive300x4\Training\notumor\Tr-no_229.jpg
C:\Users\Zoran\Downloads\archive300x4\Training\meningioma\Tr-me_22.jpg
C:\Users\Zoran\Downloads\archive300x4\Training\pituitary\Tr-pi_34.jpg
C:\Users\Zoran\Downloads\archive300x4\Training\meningioma\Tr-me_57.jpg
C:\Users\Zoran\Downloads\archive300x4\Training\glioma\Tr-gl_92.jpg
C:\Users\Zoran\Downloads\archive300x4\Training\notumor\Tr-no_28.jpg
C:\Users\Zoran\Downloads\archive300x4\Training\meningioma\Tr-aug-me_10.jpg
C:\Users\Zoran\Downloads\archive300x4\Training\notumor\Tr-no_98.jpg
C:\Users\Zoran\Downloads\archive300x4\Training\glioma\Tr-gl_173.jpg
C:\Users\Zoran\Downloads\archive300x4\Training\notumor\Tr-no_216.jpg
C:\Users\Zoran\Downloads\archive300x4\Training\meningioma\Tr-me_19.jpg
C:\Users\Zoran\Downloads\archive300x4\Training\notumor\Tr-no_249.jpg
C:\Users\Zoran\Downloads\archive300x4\Training\meningioma\Tr-me_157.jpg
C:\Users\Zoran\Downloads\archive300x4\Training\pituitary\Tr-pi_9.jpg
C:\Users\Zoran\Downloads\archive300x4\Training\meningioma\Tr-me_193.jpg
C:\Users\Zoran\Downloads\archive300x4\Training\glioma\Tr-gl_77.jpg
C:\Users\Zoran\Downloads\archive300x4\Training\glioma\Tr-gl_103.jpg
C:\Users\Zoran\Downloads\archive300x4\Training\meningioma\Tr-aug-me_49.jpg
C:\Users\Zoran\Downloads\archive300x4\Training\pituitary\Tr-pi_125.jpg
C:\Users\Zoran\Downloads\archive300x4\Training\glioma\Tr-gl_255.jpg
C:\Users\Zoran\Downloads\archive300x4\Training\notumor\Tr-no_121.jpg
C:\Users\Zoran\Downloads\archive300x4\Training\glioma\Tr-gl_40.jpg
C:\Users\Zoran\Downloads\archive300x4\Training\glioma\Tr-gl_74.jpg
C:\Users\Zoran\Downloads\archive300x4\Training\meningioma\Tr-me_42.jpg
C:\Users\Zoran\Downloads\archive300x4\Training\glioma\Tr-gl_16.jpg
C:\Users\Zoran\Downloads\archive300x4\Training\notumor\Tr-no_198.jpg
C:\Users\Zoran\Downloads\archive300x4\Training\notumor\Tr-no_159.jpg
C:\Users\Zoran\Downloads\archive300x4\Training\pituitary\Tr-pi_299.jpg
C:\Users\Zoran\Downloads\archive300x4\Training\notumor\Tr-no_282.jpg
C:\Users\Zoran\Downloads\archive300x4\Training\notumor\Tr-no_283.jpg
C:\Users\Zoran\Downloads\archive300x4\Training\pituitary\Tr-pi_157.jpg
C:\Users\Zoran\Downloads\archive300x4\Training\pituitary\Tr-pi_257.jpg
C:\Users\Zoran\Downloads\archive300x4\Training\notumor\Tr-no_260.jpg
C:\Users\Zoran\Downloads\archive300x4\Training\pituitary\Tr-pi_214.jpg
C:\Users\Zoran\Downloads\archive300x4\Training\meningioma\Tr-aug-me_56.jpg
C:\Users\Zoran\Downloads\archive300x4\Training\pituitary\Tr-pi_258.jpg
C:\Users\Zoran\Downloads\archive300x4\Training\notumor\Tr-no_46.jpg
C:\Users\Zoran\Downloads\archive300x4\Training\meningioma\Tr-aug-me_63.jpg
C:\Users\Zoran\Downloads\archive300x4\Training\pituitary\Tr-pi_10.jpg
C:\Users\Zoran\Downloads\archive300x4\Training\notumor\Tr-no_280.jpg
C:\Users\Zoran\Downloads\archive300x4\Training\pituitary\Tr-pi_37.jpg
C:\Users\Zoran\Downloads\archive300x4\Training\glioma\Tr-gl_272.jpg
C:\Users\Zoran\Downloads\archive300x4\Training\pituitary\Tr-pi_21.jpg
C:\Users\Zoran\Downloads\archive300x4\Training\pituitary\Tr-pi_197.jpg
C:\Users\Zoran\Downloads\archive300x4\Training\notumor\Tr-no_86.jpg
C:\Users\Zoran\Downloads\archive300x4\Training\glioma\Tr-gl_260.jpg
C:\Users\Zoran\Downloads\archive300x4\Training\notumor\Tr-no_65.jpg
C:\Users\Zoran\Downloads\archive300x4\Training\glioma\Tr-gl_102.jpg
C:\Users\Zoran\Downloads\archive300x4\Training\meningioma\Tr-me_176.jpg
C:\Users\Zoran\Downloads\archive300x4\Training\pituitary\Tr-pi_189.jpg
C:\Users\Zoran\Downloads\archive300x4\Training\notumor\Tr-no_139.jpg
C:\Users\Zoran\Downloads\archive300x4\Training\glioma\Tr-gl_287.jpg
C:\Users\Zoran\Downloads\archive300x4\Training\notumor\Tr-no_206.jpg
C:\Users\Zoran\Downloads\archive300x4\Training\meningioma\Tr-me_47.jpg
C:\Users\Zoran\Downloads\archive300x4\Training\glioma\Tr-gl_193.jpg
C:\Users\Zoran\Downloads\archive300x4\Training\meningioma\Tr-aug-me_3.jpg
C:\Users\Zoran\Downloads\archive300x4\Training\meningioma\Tr-me_28.jpg
C:\Users\Zoran\Downloads\archive300x4\Training\glioma\Tr-gl_137.jpg
C:\Users\Zoran\Downloads\archive300x4\Training\glioma\Tr-gl_164.jpg
C:\Users\Zoran\Downloads\archive300x4\Training\glioma\Tr-gl_87.jpg
C:\Users\Zoran\Downloads\archive300x4\Training\meningioma\Tr-me_9.jpg
C:\Users\Zoran\Downloads\archive300x4\Training\notumor\Tr-no_284.jpg
C:\Users\Zoran\Downloads\archive300x4\Training\meningioma\Tr-me_178.jpg
C:\Users\Zoran\Downloads\archive300x4\Training\meningioma\Tr-me_83.jpg
C:\Users\Zoran\Downloads\archive300x4\Training\pituitary\Tr-pi_279.jpg
C:\Users\Zoran\Downloads\archive300x4\Training\glioma\Tr-gl_211.jpg
C:\Users\Zoran\Downloads\archive300x4\Training\meningioma\Tr-me_20.jpg
C:\Users\Zoran\Downloads\archive300x4\Training\meningioma\Tr-me_106.jpg
C:\Users\Zoran\Downloads\archive300x4\Training\notumor\Tr-no_76.jpg
C:\Users\Zoran\Downloads\archive300x4\Training\glioma\Tr-gl_214.jpg
C:\Users\Zoran\Downloads\archive300x4\Training\glioma\Tr-gl_10.jpg
C:\Users\Zoran\Downloads\archive300x4\Training\meningioma\Tr-me_190.jpg
C:\Users\Zoran\Downloads\archive300x4\Training\glioma\Tr-gl_172.jpg
C:\Users\Zoran\Downloads\archive300x4\Training\meningioma\Tr-me_147.jpg
C:\Users\Zoran\Downloads\archive300x4\Training\meningioma\Tr-aug-me_33.jpg
C:\Users\Zoran\Downloads\archive300x4\Training\glioma\Tr-gl_219.jpg
C:\Users\Zoran\Downloads\archive300x4\Training\meningioma\Tr-me_4.jpg
C:\Users\Zoran\Downloads\archive300x4\Training\pituitary\Tr-pi_24.jpg
C:\Users\Zoran\Downloads\archive300x4\Training\notumor\Tr-no_78.jpg
C:\Users\Zoran\Downloads\archive300x4\Training\pituitary\Tr-pi_251.jpg
C:\Users\Zoran\Downloads\archive300x4\Training\pituitary\Tr-pi_88.jpg
C:\Users\Zoran\Downloads\archive300x4\Training\glioma\Tr-gl_7.jpg
C:\Users\Zoran\Downloads\archive300x4\Training\pituitary\Tr-pi_222.jpg
C:\Users\Zoran\Downloads\archive300x4\Training\glioma\Tr-gl_76.jpg
C:\Users\Zoran\Downloads\archive300x4\Training\meningioma\Tr-aug-me_99.jpg
C:\Users\Zoran\Downloads\archive300x4\Training\notumor\Tr-no_170.jpg
C:\Users\Zoran\Downloads\archive300x4\Training\meningioma\Tr-me_16.jpg
C:\Users\Zoran\Downloads\archive300x4\Training\meningioma\Tr-aug-me_22.jpg
C:\Users\Zoran\Downloads\archive300x4\Training\pituitary\Tr-pi_3.jpg
C:\Users\Zoran\Downloads\archive300x4\Training\meningioma\Tr-me_114.jpg
C:\Users\Zoran\Downloads\archive300x4\Training\meningioma\Tr-me_159.jpg
C:\Users\Zoran\Downloads\archive300x4\Training\notumor\Tr-no_89.jpg
C:\Users\Zoran\Downloads\archive300x4\Training\notumor\Tr-no_192.jpg
C:\Users\Zoran\Downloads\archive300x4\Training\pituitary\Tr-pi_174.jpg
C:\Users\Zoran\Downloads\archive300x4\Training\pituitary\Tr-pi_72.jpg
C:\Users\Zoran\Downloads\archive300x4\Training\notumor\Tr-no_256.jpg
C:\Users\Zoran\Downloads\archive300x4\Training\glioma\Tr-gl_47.jpg
C:\Users\Zoran\Downloads\archive300x4\Training\pituitary\Tr-pi_191.jpg
C:\Users\Zoran\Downloads\archive300x4\Training\meningioma\Tr-me_7.jpg
C:\Users\Zoran\Downloads\archive300x4\Training\pituitary\Tr-pi_190.jpg
C:\Users\Zoran\Downloads\archive300x4\Training\pituitary\Tr-pi_293.jpg
C:\Users\Zoran\Downloads\archive300x4\Training\pituitary\Tr-pi_50.jpg
C:\Users\Zoran\Downloads\archive300x4\Training\notumor\Tr-no_42.jpg
C:\Users\Zoran\Downloads\archive300x4\Training\glioma\Tr-gl_60.jpg
C:\Users\Zoran\Downloads\archive300x4\Training\glioma\Tr-gl_57.jpg
C:\Users\Zoran\Downloads\archive300x4\Training\glioma\Tr-gl_78.jpg
C:\Users\Zoran\Downloads\archive300x4\Training\pituitary\Tr-pi_48.jpg
C:\Users\Zoran\Downloads\archive300x4\Training\glioma\Tr-gl_270.jpg
C:\Users\Zoran\Downloads\archive300x4\Training\pituitary\Tr-pi_20.jpg
C:\Users\Zoran\Downloads\archive300x4\Training\pituitary\Tr-pi_249.jpg
C:\Users\Zoran\Downloads\archive300x4\Training\notumor\Tr-no_220.jpg
C:\Users\Zoran\Downloads\archive300x4\Training\notumor\Tr-no_185.jpg
C:\Users\Zoran\Downloads\archive300x4\Training\meningioma\Tr-aug-me_74.jpg
C:\Users\Zoran\Downloads\archive300x4\Training\meningioma\Tr-aug-me_19.jpg
C:\Users\Zoran\Downloads\archive300x4\Training\notumor\Tr-no_247.jpg
C:\Users\Zoran\Downloads\archive300x4\Training\notumor\Tr-no_275.jpg
C:\Users\Zoran\Downloads\archive300x4\Training\notumor\Tr-no_96.jpg
C:\Users\Zoran\Downloads\archive300x4\Training\notumor\Tr-no_107.jpg
C:\Users\Zoran\Downloads\archive300x4\Training\pituitary\Tr-pi_184.jpg
C:\Users\Zoran\Downloads\archive300x4\Training\pituitary\Tr-pi_117.jpg
C:\Users\Zoran\Downloads\archive300x4\Training\notumor\Tr-no_82.jpg
C:\Users\Zoran\Downloads\archive300x4\Training\pituitary\Tr-pi_74.jpg
C:\Users\Zoran\Downloads\archive300x4\Training\meningioma\Tr-aug-me_76.jpg
C:\Users\Zoran\Downloads\archive300x4\Training\notumor\Tr-no_94.jpg
C:\Users\Zoran\Downloads\archive300x4\Training\meningioma\Tr-aug-me_21.jpg
C:\Users\Zoran\Downloads\archive300x4\Training\pituitary\Tr-pi_121.jpg
C:\Users\Zoran\Downloads\archive300x4\Training\pituitary\Tr-pi_56.jpg
C:\Users\Zoran\Downloads\archive300x4\Training\meningioma\Tr-aug-me_16.jpg
C:\Users\Zoran\Downloads\archive300x4\Training\notumor\Tr-no_70.jpg
C:\Users\Zoran\Downloads\archive300x4\Training\notumor\Tr-no_178.jpg
C:\Users\Zoran\Downloads\archive300x4\Training\pituitary\Tr-pi_264.jpg
C:\Users\Zoran\Downloads\archive300x4\Training\glioma\Tr-gl_15.jpg
C:\Users\Zoran\Downloads\archive300x4\Training\notumor\Tr-no_234.jpg
C:\Users\Zoran\Downloads\archive300x4\Training\glioma\Tr-gl_278.jpg
C:\Users\Zoran\Downloads\archive300x4\Training\meningioma\Tr-me_36.jpg
C:\Users\Zoran\Downloads\archive300x4\Training\notumor\Tr-no_10.jpg
C:\Users\Zoran\Downloads\archive300x4\Training\pituitary\Tr-pi_259.jpg
C:\Users\Zoran\Downloads\archive300x4\Training\notumor\Tr-no_173.jpg
C:\Users\Zoran\Downloads\archive300x4\Training\notumor\Tr-no_263.jpg
C:\Users\Zoran\Downloads\archive300x4\Training\glioma\Tr-gl_215.jpg
C:\Users\Zoran\Downloads\archive300x4\Training\notumor\Tr-no_135.jpg
C:\Users\Zoran\Downloads\archive300x4\Training\glioma\Tr-gl_44.jpg
C:\Users\Zoran\Downloads\archive300x4\Training\notumor\Tr-no_115.jpg
C:\Users\Zoran\Downloads\archive300x4\Training\notumor\Tr-no_264.jpg
C:\Users\Zoran\Downloads\archive300x4\Training\meningioma\Tr-me_179.jpg
C:\Users\Zoran\Downloads\archive300x4\Training\meningioma\Tr-me_89.jpg
C:\Users\Zoran\Downloads\archive300x4\Training\glioma\Tr-gl_35.jpg
C:\Users\Zoran\Downloads\archive300x4\Training\meningioma\Tr-me_31.jpg
C:\Users\Zoran\Downloads\archive300x4\Training\meningioma\Tr-aug-me_98.jpg
C:\Users\Zoran\Downloads\archive300x4\Training\pituitary\Tr-pi_234.jpg
C:\Users\Zoran\Downloads\archive300x4\Training\glioma\Tr-gl_217.jpg
C:\Users\Zoran\Downloads\archive300x4\Training\glioma\Tr-gl_166.jpg
C:\Users\Zoran\Downloads\archive300x4\Training\pituitary\Tr-pi_4.jpg
C:\Users\Zoran\Downloads\archive300x4\Training\notumor\Tr-no_84.jpg
C:\Users\Zoran\Downloads\archive300x4\Training\glioma\Tr-gl_194.jpg
C:\Users\Zoran\Downloads\archive300x4\Training\glioma\Tr-gl_11.jpg
C:\Users\Zoran\Downloads\archive300x4\Training\meningioma\Tr-me_17.jpg
C:\Users\Zoran\Downloads\archive300x4\Training\pituitary\Tr-pi_17.jpg
C:\Users\Zoran\Downloads\archive300x4\Training\notumor\Tr-no_18.jpg
C:\Users\Zoran\Downloads\archive300x4\Training\glioma\Tr-gl_180.jpg
C:\Users\Zoran\Downloads\archive300x4\Training\notumor\Tr-no_161.jpg
C:\Users\Zoran\Downloads\archive300x4\Training\meningioma\Tr-me_160.jpg
C:\Users\Zoran\Downloads\archive300x4\Training\pituitary\Tr-pi_14.jpg
C:\Users\Zoran\Downloads\archive300x4\Training\glioma\Tr-gl_208.jpg
C:\Users\Zoran\Downloads\archive300x4\Training\glioma\Tr-gl_204.jpg
C:\Users\Zoran\Downloads\archive300x4\Training\pituitary\Tr-pi_98.jpg
C:\Users\Zoran\Downloads\archive300x4\Training\pituitary\Tr-pi_70.jpg
C:\Users\Zoran\Downloads\archive300x4\Training\pituitary\Tr-pi_118.jpg
C:\Users\Zoran\Downloads\archive300x4\Training\pituitary\Tr-pi_138.jpg
C:\Users\Zoran\Downloads\archive300x4\Training\meningioma\Tr-me_187.jpg
C:\Users\Zoran\Downloads\archive300x4\Training\meningioma\Tr-me_23.jpg
C:\Users\Zoran\Downloads\archive300x4\Training\meningioma\Tr-me_100.jpg
C:\Users\Zoran\Downloads\archive300x4\Training\glioma\Tr-gl_264.jpg
C:\Users\Zoran\Downloads\archive300x4\Training\pituitary\Tr-pi_165.jpg
C:\Users\Zoran\Downloads\archive300x4\Training\notumor\Tr-no_54.jpg
C:\Users\Zoran\Downloads\archive300x4\Training\meningioma\Tr-aug-me_82.jpg
C:\Users\Zoran\Downloads\archive300x4\Training\notumor\Tr-no_113.jpg
C:\Users\Zoran\Downloads\archive300x4\Training\glioma\Tr-gl_28.jpg
C:\Users\Zoran\Downloads\archive300x4\Training\notumor\Tr-no_248.jpg
C:\Users\Zoran\Downloads\archive300x4\Training\notumor\Tr-no_268.jpg
C:\Users\Zoran\Downloads\archive300x4\Training\glioma\Tr-gl_37.jpg
C:\Users\Zoran\Downloads\archive300x4\Training\meningioma\Tr-me_30.jpg
C:\Users\Zoran\Downloads\archive300x4\Training\pituitary\Tr-pi_292.jpg
C:\Users\Zoran\Downloads\archive300x4\Training\pituitary\Tr-pi_25.jpg
C:\Users\Zoran\Downloads\archive300x4\Training\meningioma\Tr-me_95.jpg
C:\Users\Zoran\Downloads\archive300x4\Training\meningioma\Tr-me_93.jpg
C:\Users\Zoran\Downloads\archive300x4\Training\pituitary\Tr-pi_240.jpg
C:\Users\Zoran\Downloads\archive300x4\Training\meningioma\Tr-me_137.jpg
C:\Users\Zoran\Downloads\archive300x4\Training\glioma\Tr-gl_229.jpg
C:\Users\Zoran\Downloads\archive300x4\Training\notumor\Tr-no_250.jpg
C:\Users\Zoran\Downloads\archive300x4\Training\pituitary\Tr-pi_230.jpg
C:\Users\Zoran\Downloads\archive300x4\Training\pituitary\Tr-pi_110.jpg
C:\Users\Zoran\Downloads\archive300x4\Training\notumor\Tr-no_202.jpg
C:\Users\Zoran\Downloads\archive300x4\Training\notumor\Tr-no_235.jpg
C:\Users\Zoran\Downloads\archive300x4\Training\pituitary\Tr-pi_30.jpg
C:\Users\Zoran\Downloads\archive300x4\Training\meningioma\Tr-me_113.jpg
C:\Users\Zoran\Downloads\archive300x4\Training\notumor\Tr-no_204.jpg
C:\Users\Zoran\Downloads\archive300x4\Training\notumor\Tr-no_128.jpg
C:\Users\Zoran\Downloads\archive300x4\Training\meningioma\Tr-aug-me_47.jpg
C:\Users\Zoran\Downloads\archive300x4\Training\glioma\Tr-gl_190.jpg
C:\Users\Zoran\Downloads\archive300x4\Training\glioma\Tr-gl_14.jpg
C:\Users\Zoran\Downloads\archive300x4\Training\pituitary\Tr-pi_35.jpg
C:\Users\Zoran\Downloads\archive300x4\Training\pituitary\Tr-pi_52.jpg
C:\Users\Zoran\Downloads\archive300x4\Training\glioma\Tr-gl_126.jpg
C:\Users\Zoran\Downloads\archive300x4\Training\meningioma\Tr-aug-me_18.jpg
C:\Users\Zoran\Downloads\archive300x4\Training\meningioma\Tr-me_77.jpg
C:\Users\Zoran\Downloads\archive300x4\Training\glioma\Tr-gl_159.jpg
C:\Users\Zoran\Downloads\archive300x4\Training\notumor\Tr-no_141.jpg
C:\Users\Zoran\Downloads\archive300x4\Training\pituitary\Tr-pi_170.jpg
C:\Users\Zoran\Downloads\archive300x4\Training\glioma\Tr-gl_176.jpg
C:\Users\Zoran\Downloads\archive300x4\Training\pituitary\Tr-pi_104.jpg
C:\Users\Zoran\Downloads\archive300x4\Training\meningioma\Tr-aug-me_31.jpg
C:\Users\Zoran\Downloads\archive300x4\Training\meningioma\Tr-me_192.jpg
C:\Users\Zoran\Downloads\archive300x4\Training\notumor\Tr-no_154.jpg
C:\Users\Zoran\Downloads\archive300x4\Training\glioma\Tr-gl_263.jpg
C:\Users\Zoran\Downloads\archive300x4\Training\glioma\Tr-gl_242.jpg
C:\Users\Zoran\Downloads\archive300x4\Training\pituitary\Tr-pi_243.jpg
C:\Users\Zoran\Downloads\archive300x4\Training\notumor\Tr-no_274.jpg
C:\Users\Zoran\Downloads\archive300x4\Training\meningioma\Tr-me_27.jpg
C:\Users\Zoran\Downloads\archive300x4\Training\meningioma\Tr-aug-me_70.jpg
C:\Users\Zoran\Downloads\archive300x4\Training\pituitary\Tr-pi_133.jpg
C:\Users\Zoran\Downloads\archive300x4\Training\meningioma\Tr-me_78.jpg
C:\Users\Zoran\Downloads\archive300x4\Training\notumor\Tr-no_158.jpg
C:\Users\Zoran\Downloads\archive300x4\Training\pituitary\Tr-pi_54.jpg
C:\Users\Zoran\Downloads\archive300x4\Training\meningioma\Tr-me_13.jpg
C:\Users\Zoran\Downloads\archive300x4\Training\notumor\Tr-no_298.jpg
C:\Users\Zoran\Downloads\archive300x4\Training\pituitary\Tr-pi_94.jpg
C:\Users\Zoran\Downloads\archive300x4\Training\notumor\Tr-no_214.jpg
C:\Users\Zoran\Downloads\archive300x4\Training\pituitary\Tr-pi_162.jpg
C:\Users\Zoran\Downloads\archive300x4\Training\pituitary\Tr-pi_99.jpg
C:\Users\Zoran\Downloads\archive300x4\Training\pituitary\Tr-pi_41.jpg
C:\Users\Zoran\Downloads\archive300x4\Training\pituitary\Tr-pi_167.jpg
C:\Users\Zoran\Downloads\archive300x4\Training\glioma\Tr-gl_38.jpg
C:\Users\Zoran\Downloads\archive300x4\Training\notumor\Tr-no_253.jpg
C:\Users\Zoran\Downloads\archive300x4\Training\notumor\Tr-no_251.jpg
C:\Users\Zoran\Downloads\archive300x4\Training\pituitary\Tr-pi_193.jpg
C:\Users\Zoran\Downloads\archive300x4\Training\meningioma\Tr-aug-me_52.jpg
C:\Users\Zoran\Downloads\archive300x4\Training\glioma\Tr-gl_227.jpg
C:\Users\Zoran\Downloads\archive300x4\Training\pituitary\Tr-pi_67.jpg
C:\Users\Zoran\Downloads\archive300x4\Training\meningioma\Tr-me_58.jpg
C:\Users\Zoran\Downloads\archive300x4\Training\pituitary\Tr-pi_68.jpg
C:\Users\Zoran\Downloads\archive300x4\Training\meningioma\Tr-aug-me_11.jpg
C:\Users\Zoran\Downloads\archive300x4\Training\pituitary\Tr-pi_65.jpg
C:\Users\Zoran\Downloads\archive300x4\Training\meningioma\Tr-aug-me_54.jpg
C:\Users\Zoran\Downloads\archive300x4\Training\glioma\Tr-gl_128.jpg
C:\Users\Zoran\Downloads\archive300x4\Training\glioma\Tr-gl_279.jpg
C:\Users\Zoran\Downloads\archive300x4\Training\meningioma\Tr-me_66.jpg
C:\Users\Zoran\Downloads\archive300x4\Training\pituitary\Tr-pi_69.jpg
C:\Users\Zoran\Downloads\archive300x4\Training\notumor\Tr-no_150.jpg
C:\Users\Zoran\Downloads\archive300x4\Training\notumor\Tr-no_190.jpg
C:\Users\Zoran\Downloads\archive300x4\Training\glioma\Tr-gl_107.jpg
C:\Users\Zoran\Downloads\archive300x4\Training\meningioma\Tr-me_37.jpg
C:\Users\Zoran\Downloads\archive300x4\Training\meningioma\Tr-me_194.jpg
C:\Users\Zoran\Downloads\archive300x4\Training\glioma\Tr-gl_72.jpg
C:\Users\Zoran\Downloads\archive300x4\Training\pituitary\Tr-pi_134.jpg
C:\Users\Zoran\Downloads\archive300x4\Training\glioma\Tr-gl_141.jpg
C:\Users\Zoran\Downloads\archive300x4\Training\pituitary\Tr-pi_33.jpg
C:\Users\Zoran\Downloads\archive300x4\Training\meningioma\Tr-me_189.jpg
C:\Users\Zoran\Downloads\archive300x4\Training\glioma\Tr-gl_256.jpg
C:\Users\Zoran\Downloads\archive300x4\Training\pituitary\Tr-pi_272.jpg
C:\Users\Zoran\Downloads\archive300x4\Training\pituitary\Tr-pi_242.jpg
C:\Users\Zoran\Downloads\archive300x4\Training\meningioma\Tr-me_86.jpg
C:\Users\Zoran\Downloads\archive300x4\Training\glioma\Tr-gl_153.jpg
C:\Users\Zoran\Downloads\archive300x4\Training\glioma\Tr-gl_65.jpg
C:\Users\Zoran\Downloads\archive300x4\Training\meningioma\Tr-aug-me_12.jpg
C:\Users\Zoran\Downloads\archive300x4\Training\pituitary\Tr-pi_228.jpg
C:\Users\Zoran\Downloads\archive300x4\Training\notumor\Tr-no_102.jpg
C:\Users\Zoran\Downloads\archive300x4\Training\meningioma\Tr-me_132.jpg
C:\Users\Zoran\Downloads\archive300x4\Training\notumor\Tr-no_136.jpg
C:\Users\Zoran\Downloads\archive300x4\Training\meningioma\Tr-me_151.jpg
C:\Users\Zoran\Downloads\archive300x4\Training\meningioma\Tr-me_59.jpg
C:\Users\Zoran\Downloads\archive300x4\Training\pituitary\Tr-pi_111.jpg
C:\Users\Zoran\Downloads\archive300x4\Training\notumor\Tr-no_290.jpg
C:\Users\Zoran\Downloads\archive300x4\Training\glioma\Tr-gl_177.jpg
C:\Users\Zoran\Downloads\archive300x4\Training\meningioma\Tr-me_169.jpg
C:\Users\Zoran\Downloads\archive300x4\Training\meningioma\Tr-aug-me_25.jpg
C:\Users\Zoran\Downloads\archive300x4\Training\meningioma\Tr-me_172.jpg
C:\Users\Zoran\Downloads\archive300x4\Training\notumor\Tr-no_56.jpg
C:\Users\Zoran\Downloads\archive300x4\Training\glioma\Tr-gl_39.jpg
C:\Users\Zoran\Downloads\archive300x4\Training\meningioma\Tr-me_45.jpg
C:\Users\Zoran\Downloads\archive300x4\Training\pituitary\Tr-pi_38.jpg
C:\Users\Zoran\Downloads\archive300x4\Training\notumor\Tr-no_3.jpg
C:\Users\Zoran\Downloads\archive300x4\Training\notumor\Tr-no_210.jpg
C:\Users\Zoran\Downloads\archive300x4\Training\pituitary\Tr-pi_176.jpg
C:\Users\Zoran\Downloads\archive300x4\Training\notumor\Tr-no_291.jpg
C:\Users\Zoran\Downloads\archive300x4\Training\meningioma\Tr-aug-me_79.jpg
C:\Users\Zoran\Downloads\archive300x4\Training\notumor\Tr-no_122.jpg
C:\Users\Zoran\Downloads\archive300x4\Training\glioma\Tr-gl_185.jpg
C:\Users\Zoran\Downloads\archive300x4\Training\notumor\Tr-no_77.jpg
C:\Users\Zoran\Downloads\archive300x4\Training\glioma\Tr-gl_83.jpg
C:\Users\Zoran\Downloads\archive300x4\Training\meningioma\Tr-aug-me_51.jpg
C:\Users\Zoran\Downloads\archive300x4\Training\glioma\Tr-gl_275.jpg
C:\Users\Zoran\Downloads\archive300x4\Training\meningioma\Tr-me_144.jpg
C:\Users\Zoran\Downloads\archive300x4\Training\meningioma\Tr-me_67.jpg
C:\Users\Zoran\Downloads\archive300x4\Training\glioma\Tr-gl_238.jpg
C:\Users\Zoran\Downloads\archive300x4\Training\glioma\Tr-gl_286.jpg
C:\Users\Zoran\Downloads\archive300x4\Training\notumor\Tr-no_62.jpg
C:\Users\Zoran\Downloads\archive300x4\Training\notumor\Tr-no_271.jpg
C:\Users\Zoran\Downloads\archive300x4\Training\glioma\Tr-gl_121.jpg
C:\Users\Zoran\Downloads\archive300x4\Training\glioma\Tr-gl_195.jpg
C:\Users\Zoran\Downloads\archive300x4\Training\notumor\Tr-no_279.jpg
C:\Users\Zoran\Downloads\archive300x4\Training\pituitary\Tr-pi_84.jpg
C:\Users\Zoran\Downloads\archive300x4\Training\glioma\Tr-gl_178.jpg
C:\Users\Zoran\Downloads\archive300x4\Training\notumor\Tr-no_32.jpg
C:\Users\Zoran\Downloads\archive300x4\Training\glioma\Tr-gl_184.jpg
C:\Users\Zoran\Downloads\archive300x4\Training\glioma\Tr-gl_175.jpg
C:\Users\Zoran\Downloads\archive300x4\Training\pituitary\Tr-pi_155.jpg
C:\Users\Zoran\Downloads\archive300x4\Training\pituitary\Tr-pi_235.jpg
C:\Users\Zoran\Downloads\archive300x4\Training\meningioma\Tr-aug-me_87.jpg
C:\Users\Zoran\Downloads\archive300x4\Training\notumor\Tr-no_226.jpg
C:\Users\Zoran\Downloads\archive300x4\Training\glioma\Tr-gl_209.jpg
C:\Users\Zoran\Downloads\archive300x4\Training\meningioma\Tr-me_41.jpg
C:\Users\Zoran\Downloads\archive300x4\Training\notumor\Tr-no_80.jpg
C:\Users\Zoran\Downloads\archive300x4\Training\meningioma\Tr-me_52.jpg
C:\Users\Zoran\Downloads\archive300x4\Training\meningioma\Tr-me_186.jpg
C:\Users\Zoran\Downloads\archive300x4\Training\glioma\Tr-gl_144.jpg
C:\Users\Zoran\Downloads\archive300x4\Training\meningioma\Tr-me_198.jpg
C:\Users\Zoran\Downloads\archive300x4\Training\glioma\Tr-gl_225.jpg
C:\Users\Zoran\Downloads\archive300x4\Training\notumor\Tr-no_75.jpg
C:\Users\Zoran\Downloads\archive300x4\Training\notumor\Tr-no_74.jpg
C:\Users\Zoran\Downloads\archive300x4\Training\meningioma\Tr-me_81.jpg
C:\Users\Zoran\Downloads\archive300x4\Training\glioma\Tr-gl_179.jpg
C:\Users\Zoran\Downloads\archive300x4\Training\glioma\Tr-gl_51.jpg
C:\Users\Zoran\Downloads\archive300x4\Training\pituitary\Tr-pi_236.jpg
C:\Users\Zoran\Downloads\archive300x4\Training\glioma\Tr-gl_48.jpg
C:\Users\Zoran\Downloads\archive300x4\Training\glioma\Tr-gl_138.jpg
C:\Users\Zoran\Downloads\archive300x4\Training\notumor\Tr-no_30.jpg
C:\Users\Zoran\Downloads\archive300x4\Training\glioma\Tr-gl_181.jpg
C:\Users\Zoran\Downloads\archive300x4\Training\notumor\Tr-no_239.jpg
C:\Users\Zoran\Downloads\archive300x4\Training\notumor\Tr-no_227.jpg
C:\Users\Zoran\Downloads\archive300x4\Training\notumor\Tr-no_119.jpg
C:\Users\Zoran\Downloads\archive300x4\Training\glioma\Tr-gl_46.jpg
C:\Users\Zoran\Downloads\archive300x4\Training\meningioma\Tr-me_145.jpg
C:\Users\Zoran\Downloads\archive300x4\Training\glioma\Tr-gl_206.jpg
C:\Users\Zoran\Downloads\archive300x4\Training\pituitary\Tr-pi_211.jpg
C:\Users\Zoran\Downloads\archive300x4\Training\glioma\Tr-gl_56.jpg
C:\Users\Zoran\Downloads\archive300x4\Training\glioma\Tr-gl_203.jpg
C:\Users\Zoran\Downloads\archive300x4\Training\meningioma\Tr-aug-me_14.jpg
C:\Users\Zoran\Downloads\archive300x4\Training\pituitary\Tr-pi_247.jpg
C:\Users\Zoran\Downloads\archive300x4\Training\meningioma\Tr-me_5.jpg
C:\Users\Zoran\Downloads\archive300x4\Training\pituitary\Tr-pi_123.jpg
C:\Users\Zoran\Downloads\archive300x4\Training\notumor\Tr-no_193.jpg
C:\Users\Zoran\Downloads\archive300x4\Training\glioma\Tr-gl_109.jpg
C:\Users\Zoran\Downloads\archive300x4\Training\pituitary\Tr-pi_255.jpg
C:\Users\Zoran\Downloads\archive300x4\Training\notumor\Tr-no_296.jpg
C:\Users\Zoran\Downloads\archive300x4\Training\notumor\Tr-no_47.jpg
C:\Users\Zoran\Downloads\archive300x4\Training\pituitary\Tr-pi_143.jpg
C:\Users\Zoran\Downloads\archive300x4\Training\pituitary\Tr-pi_122.jpg
C:\Users\Zoran\Downloads\archive300x4\Training\notumor\Tr-no_287.jpg
C:\Users\Zoran\Downloads\archive300x4\Training\meningioma\Tr-me_142.jpg
C:\Users\Zoran\Downloads\archive300x4\Training\notumor\Tr-no_157.jpg
C:\Users\Zoran\Downloads\archive300x4\Training\meningioma\Tr-me_166.jpg
C:\Users\Zoran\Downloads\archive300x4\Training\meningioma\Tr-me_53.jpg
C:\Users\Zoran\Downloads\archive300x4\Training\notumor\Tr-no_272.jpg
C:\Users\Zoran\Downloads\archive300x4\Training\glioma\Tr-gl_162.jpg
C:\Users\Zoran\Downloads\archive300x4\Training\pituitary\Tr-pi_89.jpg
C:\Users\Zoran\Downloads\archive300x4\Training\glioma\Tr-gl_169.jpg
C:\Users\Zoran\Downloads\archive300x4\Training\pituitary\Tr-pi_62.jpg
C:\Users\Zoran\Downloads\archive300x4\Training\notumor\Tr-no_13.jpg
C:\Users\Zoran\Downloads\archive300x4\Training\meningioma\Tr-me_129.jpg
C:\Users\Zoran\Downloads\archive300x4\Training\glioma\Tr-gl_196.jpg
C:\Users\Zoran\Downloads\archive300x4\Training\pituitary\Tr-pi_105.jpg
C:\Users\Zoran\Downloads\archive300x4\Training\pituitary\Tr-pi_51.jpg
C:\Users\Zoran\Downloads\archive300x4\Training\meningioma\Tr-aug-me_77.jpg
C:\Users\Zoran\Downloads\archive300x4\Training\notumor\Tr-no_155.jpg
C:\Users\Zoran\Downloads\archive300x4\Training\glioma\Tr-gl_33.jpg
C:\Users\Zoran\Downloads\archive300x4\Training\glioma\Tr-gl_240.jpg
C:\Users\Zoran\Downloads\archive300x4\Training\pituitary\Tr-pi_87.jpg
C:\Users\Zoran\Downloads\archive300x4\Training\meningioma\Tr-aug-me_96.jpg
C:\Users\Zoran\Downloads\archive300x4\Training\meningioma\Tr-me_111.jpg
C:\Users\Zoran\Downloads\archive300x4\Training\pituitary\Tr-pi_102.jpg
C:\Users\Zoran\Downloads\archive300x4\Training\pituitary\Tr-pi_291.jpg
C:\Users\Zoran\Downloads\archive300x4\Training\pituitary\Tr-pi_179.jpg
C:\Users\Zoran\Downloads\archive300x4\Training\meningioma\Tr-me_154.jpg
C:\Users\Zoran\Downloads\archive300x4\Training\pituitary\Tr-pi_55.jpg
C:\Users\Zoran\Downloads\archive300x4\Training\glioma\Tr-gl_292.jpg
C:\Users\Zoran\Downloads\archive300x4\Training\notumor\Tr-no_165.jpg
C:\Users\Zoran\Downloads\archive300x4\Training\meningioma\Tr-aug-me_93.jpg
C:\Users\Zoran\Downloads\archive300x4\Training\notumor\Tr-no_237.jpg
C:\Users\Zoran\Downloads\archive300x4\Training\pituitary\Tr-pi_146.jpg
C:\Users\Zoran\Downloads\archive300x4\Training\pituitary\Tr-pi_209.jpg
C:\Users\Zoran\Downloads\archive300x4\Training\glioma\Tr-gl_94.jpg
C:\Users\Zoran\Downloads\archive300x4\Training\notumor\Tr-no_127.jpg
C:\Users\Zoran\Downloads\archive300x4\Training\pituitary\Tr-pi_254.jpg
C:\Users\Zoran\Downloads\archive300x4\Training\notumor\Tr-no_12.jpg
C:\Users\Zoran\Downloads\archive300x4\Training\notumor\Tr-no_149.jpg
C:\Users\Zoran\Downloads\archive300x4\Training\notumor\Tr-no_262.jpg
C:\Users\Zoran\Downloads\archive300x4\Training\notumor\Tr-no_95.jpg
C:\Users\Zoran\Downloads\archive300x4\Training\notumor\Tr-no_38.jpg
C:\Users\Zoran\Downloads\archive300x4\Training\meningioma\Tr-me_94.jpg
C:\Users\Zoran\Downloads\archive300x4\Training\glioma\Tr-gl_235.jpg
C:\Users\Zoran\Downloads\archive300x4\Training\glioma\Tr-gl_284.jpg
C:\Users\Zoran\Downloads\archive300x4\Training\meningioma\Tr-aug-me_39.jpg
C:\Users\Zoran\Downloads\archive300x4\Training\glioma\Tr-gl_220.jpg
C:\Users\Zoran\Downloads\archive300x4\Training\glioma\Tr-gl_18.jpg
C:\Users\Zoran\Downloads\archive300x4\Training\glioma\Tr-gl_268.jpg
C:\Users\Zoran\Downloads\archive300x4\Training\notumor\Tr-no_26.jpg
C:\Users\Zoran\Downloads\archive300x4\Training\pituitary\Tr-pi_256.jpg
C:\Users\Zoran\Downloads\archive300x4\Training\notumor\Tr-no_228.jpg
C:\Users\Zoran\Downloads\archive300x4\Training\meningioma\Tr-me_155.jpg
C:\Users\Zoran\Downloads\archive300x4\Training\meningioma\Tr-aug-me_69.jpg
C:\Users\Zoran\Downloads\archive300x4\Training\pituitary\Tr-pi_164.jpg
C:\Users\Zoran\Downloads\archive300x4\Training\pituitary\Tr-pi_95.jpg
C:\Users\Zoran\Downloads\archive300x4\Training\glioma\Tr-gl_265.jpg
C:\Users\Zoran\Downloads\archive300x4\Training\notumor\Tr-no_97.jpg
C:\Users\Zoran\Downloads\archive300x4\Training\meningioma\Tr-me_127.jpg
C:\Users\Zoran\Downloads\archive300x4\Training\glioma\Tr-gl_12.jpg
C:\Users\Zoran\Downloads\archive300x4\Training\glioma\Tr-gl_26.jpg
C:\Users\Zoran\Downloads\archive300x4\Training\meningioma\Tr-me_18.jpg
C:\Users\Zoran\Downloads\archive300x4\Training\notumor\Tr-no_116.jpg
C:\Users\Zoran\Downloads\archive300x4\Training\pituitary\Tr-pi_298.jpg
C:\Users\Zoran\Downloads\archive300x4\Training\meningioma\Tr-me_110.jpg
C:\Users\Zoran\Downloads\archive300x4\Training\notumor\Tr-no_104.jpg
C:\Users\Zoran\Downloads\archive300x4\Training\meningioma\Tr-aug-me_61.jpg
C:\Users\Zoran\Downloads\archive300x4\Training\meningioma\Tr-aug-me_75.jpg
C:\Users\Zoran\Downloads\archive300x4\Training\notumor\Tr-no_146.jpg
C:\Users\Zoran\Downloads\archive300x4\Training\glioma\Tr-gl_231.jpg
C:\Users\Zoran\Downloads\archive300x4\Training\notumor\Tr-no_163.jpg
C:\Users\Zoran\Downloads\archive300x4\Training\glioma\Tr-gl_262.jpg
C:\Users\Zoran\Downloads\archive300x4\Training\glioma\Tr-gl_106.jpg
C:\Users\Zoran\Downloads\archive300x4\Training\meningioma\Tr-me_146.jpg
C:\Users\Zoran\Downloads\archive300x4\Training\pituitary\Tr-pi_294.jpg
C:\Users\Zoran\Downloads\archive300x4\Training\meningioma\Tr-me_70.jpg
C:\Users\Zoran\Downloads\archive300x4\Training\pituitary\Tr-pi_42.jpg
C:\Users\Zoran\Downloads\archive300x4\Training\pituitary\Tr-pi_103.jpg
C:\Users\Zoran\Downloads\archive300x4\Training\meningioma\Tr-aug-me_38.jpg
C:\Users\Zoran\Downloads\archive300x4\Training\notumor\Tr-no_106.jpg
C:\Users\Zoran\Downloads\archive300x4\Training\meningioma\Tr-me_87.jpg
C:\Users\Zoran\Downloads\archive300x4\Training\meningioma\Tr-me_82.jpg
C:\Users\Zoran\Downloads\archive300x4\Training\meningioma\Tr-aug-me_94.jpg
C:\Users\Zoran\Downloads\archive300x4\Training\pituitary\Tr-pi_172.jpg
C:\Users\Zoran\Downloads\archive300x4\Training\notumor\Tr-no_152.jpg
C:\Users\Zoran\Downloads\archive300x4\Training\glioma\Tr-gl_41.jpg
C:\Users\Zoran\Downloads\archive300x4\Training\notumor\Tr-no_145.jpg
C:\Users\Zoran\Downloads\archive300x4\Training\glioma\Tr-gl_21.jpg
C:\Users\Zoran\Downloads\archive300x4\Training\glioma\Tr-gl_198.jpg
C:\Users\Zoran\Downloads\archive300x4\Training\notumor\Tr-no_286.jpg
C:\Users\Zoran\Downloads\archive300x4\Training\glioma\Tr-gl_5.jpg
C:\Users\Zoran\Downloads\archive300x4\Training\meningioma\Tr-me_50.jpg
C:\Users\Zoran\Downloads\archive300x4\Training\meningioma\Tr-me_88.jpg
C:\Users\Zoran\Downloads\archive300x4\Training\meningioma\Tr-me_62.jpg
C:\Users\Zoran\Downloads\archive300x4\Training\meningioma\Tr-me_10.jpg
C:\Users\Zoran\Downloads\archive300x4\Training\glioma\Tr-gl_239.jpg
C:\Users\Zoran\Downloads\archive300x4\Training\glioma\Tr-gl_95.jpg
C:\Users\Zoran\Downloads\archive300x4\Training\glioma\Tr-gl_290.jpg
C:\Users\Zoran\Downloads\archive300x4\Training\glioma\Tr-gl_254.jpg
C:\Users\Zoran\Downloads\archive300x4\Training\pituitary\Tr-pi_147.jpg
C:\Users\Zoran\Downloads\archive300x4\Training\meningioma\Tr-me_180.jpg
C:\Users\Zoran\Downloads\archive300x4\Training\meningioma\Tr-me_167.jpg
C:\Users\Zoran\Downloads\archive300x4\Training\glioma\Tr-gl_4.jpg
C:\Users\Zoran\Downloads\archive300x4\Training\notumor\Tr-no_288.jpg
C:\Users\Zoran\Downloads\archive300x4\Training\pituitary\Tr-pi_178.jpg
C:\Users\Zoran\Downloads\archive300x4\Training\meningioma\Tr-me_140.jpg
C:\Users\Zoran\Downloads\archive300x4\Training\notumor\Tr-no_108.jpg
C:\Users\Zoran\Downloads\archive300x4\Training\meningioma\Tr-me_135.jpg
C:\Users\Zoran\Downloads\archive300x4\Training\pituitary\Tr-pi_286.jpg
C:\Users\Zoran\Downloads\archive300x4\Training\glioma\Tr-gl_108.jpg
C:\Users\Zoran\Downloads\archive300x4\Training\glioma\Tr-gl_19.jpg
C:\Users\Zoran\Downloads\archive300x4\Training\glioma\Tr-gl_274.jpg
C:\Users\Zoran\Downloads\archive300x4\Training\pituitary\Tr-pi_86.jpg
C:\Users\Zoran\Downloads\archive300x4\Training\notumor\Tr-no_293.jpg
C:\Users\Zoran\Downloads\archive300x4\Training\glioma\Tr-gl_88.jpg
C:\Users\Zoran\Downloads\archive300x4\Training\glioma\Tr-gl_127.jpg
C:\Users\Zoran\Downloads\archive300x4\Training\pituitary\Tr-pi_80.jpg
C:\Users\Zoran\Downloads\archive300x4\Training\notumor\Tr-no_240.jpg
C:\Users\Zoran\Downloads\archive300x4\Training\glioma\Tr-gl_277.jpg
C:\Users\Zoran\Downloads\archive300x4\Training\notumor\Tr-no_243.jpg
C:\Users\Zoran\Downloads\archive300x4\Training\notumor\Tr-no_156.jpg
C:\Users\Zoran\Downloads\archive300x4\Training\pituitary\Tr-pi_215.jpg
C:\Users\Zoran\Downloads\archive300x4\Training\pituitary\Tr-pi_212.jpg
C:\Users\Zoran\Downloads\archive300x4\Training\glioma\Tr-gl_230.jpg
C:\Users\Zoran\Downloads\archive300x4\Training\notumor\Tr-no_246.jpg
C:\Users\Zoran\Downloads\archive300x4\Training\meningioma\Tr-me_123.jpg
C:\Users\Zoran\Downloads\archive300x4\Training\notumor\Tr-no_105.jpg
C:\Users\Zoran\Downloads\archive300x4\Training\glioma\Tr-gl_68.jpg
C:\Users\Zoran\Downloads\archive300x4\Training\meningioma\Tr-me_72.jpg
C:\Users\Zoran\Downloads\archive300x4\Training\notumor\Tr-no_39.jpg
C:\Users\Zoran\Downloads\archive300x4\Training\pituitary\Tr-pi_124.jpg
C:\Users\Zoran\Downloads\archive300x4\Training\notumor\Tr-no_20.jpg
C:\Users\Zoran\Downloads\archive300x4\Training\meningioma\Tr-me_38.jpg
C:\Users\Zoran\Downloads\archive300x4\Training\pituitary\Tr-pi_160.jpg
C:\Users\Zoran\Downloads\archive300x4\Training\notumor\Tr-no_259.jpg
C:\Users\Zoran\Downloads\archive300x4\Training\pituitary\Tr-pi_252.jpg
C:\Users\Zoran\Downloads\archive300x4\Training\notumor\Tr-no_175.jpg
C:\Users\Zoran\Downloads\archive300x4\Training\meningioma\Tr-me_161.jpg
C:\Users\Zoran\Downloads\archive300x4\Training\glioma\Tr-gl_183.jpg
C:\Users\Zoran\Downloads\archive300x4\Training\pituitary\Tr-pi_282.jpg
C:\Users\Zoran\Downloads\archive300x4\Training\meningioma\Tr-me_115.jpg
C:\Users\Zoran\Downloads\archive300x4\Training\notumor\Tr-no_164.jpg
C:\Users\Zoran\Downloads\archive300x4\Training\glioma\Tr-gl_99.jpg
C:\Users\Zoran\Downloads\archive300x4\Training\glioma\Tr-gl_199.jpg
C:\Users\Zoran\Downloads\archive300x4\Training\pituitary\Tr-pi_206.jpg
C:\Users\Zoran\Downloads\archive300x4\Training\notumor\Tr-no_120.jpg
C:\Users\Zoran\Downloads\archive300x4\Training\notumor\Tr-no_36.jpg
C:\Users\Zoran\Downloads\archive300x4\Training\notumor\Tr-no_129.jpg
C:\Users\Zoran\Downloads\archive300x4\Training\meningioma\Tr-aug-me_15.jpg
C:\Users\Zoran\Downloads\archive300x4\Training\notumor\Tr-no_270.jpg
C:\Users\Zoran\Downloads\archive300x4\Training\meningioma\Tr-me_21.jpg
C:\Users\Zoran\Downloads\archive300x4\Training\pituitary\Tr-pi_130.jpg
C:\Users\Zoran\Downloads\archive300x4\Training\meningioma\Tr-me_84.jpg
C:\Users\Zoran\Downloads\archive300x4\Training\meningioma\Tr-aug-me_23.jpg
C:\Users\Zoran\Downloads\archive300x4\Training\glioma\Tr-gl_228.jpg
C:\Users\Zoran\Downloads\archive300x4\Training\glioma\Tr-gl_250.jpg
C:\Users\Zoran\Downloads\archive300x4\Training\meningioma\Tr-aug-me_46.jpg
C:\Users\Zoran\Downloads\archive300x4\Training\pituitary\Tr-pi_203.jpg
C:\Users\Zoran\Downloads\archive300x4\Training\pituitary\Tr-pi_199.jpg
C:\Users\Zoran\Downloads\archive300x4\Training\pituitary\Tr-pi_280.jpg
C:\Users\Zoran\Downloads\archive300x4\Training\notumor\Tr-no_35.jpg
C:\Users\Zoran\Downloads\archive300x4\Training\glioma\Tr-gl_129.jpg
C:\Users\Zoran\Downloads\archive300x4\Training\pituitary\Tr-pi_244.jpg
C:\Users\Zoran\Downloads\archive300x4\Training\glioma\Tr-gl_241.jpg
C:\Users\Zoran\Downloads\archive300x4\Training\notumor\Tr-no_59.jpg
C:\Users\Zoran\Downloads\archive300x4\Training\glioma\Tr-gl_104.jpg
C:\Users\Zoran\Downloads\archive300x4\Training\pituitary\Tr-pi_47.jpg
C:\Users\Zoran\Downloads\archive300x4\Training\glioma\Tr-gl_210.jpg
C:\Users\Zoran\Downloads\archive300x4\Training\pituitary\Tr-pi_135.jpg
C:\Users\Zoran\Downloads\archive300x4\Training\meningioma\Tr-me_200.jpg
C:\Users\Zoran\Downloads\archive300x4\Training\pituitary\Tr-pi_217.jpg
C:\Users\Zoran\Downloads\archive300x4\Training\glioma\Tr-gl_232.jpg
C:\Users\Zoran\Downloads\archive300x4\Training\meningioma\Tr-me_76.jpg
C:\Users\Zoran\Downloads\archive300x4\Training\pituitary\Tr-pi_210.jpg
C:\Users\Zoran\Downloads\archive300x4\Training\meningioma\Tr-me_168.jpg
C:\Users\Zoran\Downloads\archive300x4\Training\pituitary\Tr-pi_152.jpg
C:\Users\Zoran\Downloads\archive300x4\Training\meningioma\Tr-me_130.jpg
C:\Users\Zoran\Downloads\archive300x4\Training\glioma\Tr-gl_281.jpg
C:\Users\Zoran\Downloads\archive300x4\Training\pituitary\Tr-pi_232.jpg
C:\Users\Zoran\Downloads\archive300x4\Training\notumor\Tr-no_100.jpg
C:\Users\Zoran\Downloads\archive300x4\Training\notumor\Tr-no_66.jpg
C:\Users\Zoran\Downloads\archive300x4\Training\meningioma\Tr-me_11.jpg
C:\Users\Zoran\Downloads\archive300x4\Training\notumor\Tr-no_45.jpg
C:\Users\Zoran\Downloads\archive300x4\Training\meningioma\Tr-me_162.jpg
C:\Users\Zoran\Downloads\archive300x4\Training\meningioma\Tr-me_6.jpg
C:\Users\Zoran\Downloads\archive300x4\Training\pituitary\Tr-pi_19.jpg
C:\Users\Zoran\Downloads\archive300x4\Training\meningioma\Tr-aug-me_64.jpg
C:\Users\Zoran\Downloads\archive300x4\Training\notumor\Tr-no_225.jpg
C:\Users\Zoran\Downloads\archive300x4\Training\notumor\Tr-no_194.jpg
C:\Users\Zoran\Downloads\archive300x4\Training\glioma\Tr-gl_252.jpg
C:\Users\Zoran\Downloads\archive300x4\Training\pituitary\Tr-pi_226.jpg
C:\Users\Zoran\Downloads\archive300x4\Training\notumor\Tr-no_63.jpg
C:\Users\Zoran\Downloads\archive300x4\Training\glioma\Tr-gl_43.jpg
C:\Users\Zoran\Downloads\archive300x4\Training\pituitary\Tr-pi_126.jpg
C:\Users\Zoran\Downloads\archive300x4\Training\glioma\Tr-gl_135.jpg
C:\Users\Zoran\Downloads\archive300x4\Training\glioma\Tr-gl_298.jpg
C:\Users\Zoran\Downloads\archive300x4\Training\pituitary\Tr-pi_45.jpg
C:\Users\Zoran\Downloads\archive300x4\Training\meningioma\Tr-me_152.jpg
C:\Users\Zoran\Downloads\archive300x4\Training\meningioma\Tr-me_69.jpg
C:\Users\Zoran\Downloads\archive300x4\Training\notumor\Tr-no_41.jpg
C:\Users\Zoran\Downloads\archive300x4\Training\glioma\Tr-gl_89.jpg
C:\Users\Zoran\Downloads\archive300x4\Training\pituitary\Tr-pi_8.jpg
C:\Users\Zoran\Downloads\archive300x4\Training\pituitary\Tr-pi_149.jpg
C:\Users\Zoran\Downloads\archive300x4\Training\notumor\Tr-no_53.jpg
C:\Users\Zoran\Downloads\archive300x4\Training\meningioma\Tr-me_14.jpg
C:\Users\Zoran\Downloads\archive300x4\Training\meningioma\Tr-me_56.jpg
C:\Users\Zoran\Downloads\archive300x4\Training\glioma\Tr-gl_61.jpg
C:\Users\Zoran\Downloads\archive300x4\Training\glioma\Tr-gl_216.jpg
C:\Users\Zoran\Downloads\archive300x4\Training\glioma\Tr-gl_145.jpg
C:\Users\Zoran\Downloads\archive300x4\Training\pituitary\Tr-pi_75.jpg
C:\Users\Zoran\Downloads\archive300x4\Training\meningioma\Tr-aug-me_88.jpg
C:\Users\Zoran\Downloads\archive300x4\Training\notumor\Tr-no_191.jpg
C:\Users\Zoran\Downloads\archive300x4\Training\pituitary\Tr-pi_29.jpg
C:\Users\Zoran\Downloads\archive300x4\Training\pituitary\Tr-pi_13.jpg
C:\Users\Zoran\Downloads\archive300x4\Training\notumor\Tr-no_207.jpg
C:\Users\Zoran\Downloads\archive300x4\Training\meningioma\Tr-aug-me_48.jpg
C:\Users\Zoran\Downloads\archive300x4\Training\glioma\Tr-gl_55.jpg
C:\Users\Zoran\Downloads\archive300x4\Training\glioma\Tr-gl_113.jpg
C:\Users\Zoran\Downloads\archive300x4\Training\pituitary\Tr-pi_90.jpg
C:\Users\Zoran\Downloads\archive300x4\Training\notumor\Tr-no_233.jpg
C:\Users\Zoran\Downloads\archive300x4\Training\notumor\Tr-no_93.jpg
C:\Users\Zoran\Downloads\archive300x4\Training\notumor\Tr-no_27.jpg
C:\Users\Zoran\Downloads\archive300x4\Training\glioma\Tr-gl_30.jpg
C:\Users\Zoran\Downloads\archive300x4\Training\meningioma\Tr-aug-me_86.jpg
C:\Users\Zoran\Downloads\archive300x4\Training\meningioma\Tr-me_148.jpg
C:\Users\Zoran\Downloads\archive300x4\Training\notumor\Tr-no_211.jpg
C:\Users\Zoran\Downloads\archive300x4\Training\pituitary\Tr-pi_276.jpg
C:\Users\Zoran\Downloads\archive300x4\Training\glioma\Tr-gl_213.jpg
C:\Users\Zoran\Downloads\archive300x4\Training\notumor\Tr-no_142.jpg
C:\Users\Zoran\Downloads\archive300x4\Training\glioma\Tr-gl_289.jpg
C:\Users\Zoran\Downloads\archive300x4\Training\meningioma\Tr-me_143.jpg
C:\Users\Zoran\Downloads\archive300x4\Training\pituitary\Tr-pi_92.jpg
C:\Users\Zoran\Downloads\archive300x4\Training\notumor\Tr-no_88.jpg
C:\Users\Zoran\Downloads\archive300x4\Training\meningioma\Tr-me_136.jpg
C:\Users\Zoran\Downloads\archive300x4\Training\notumor\Tr-no_34.jpg
C:\Users\Zoran\Downloads\archive300x4\Training\meningioma\Tr-me_170.jpg
C:\Users\Zoran\Downloads\archive300x4\Training\glioma\Tr-gl_90.jpg
C:\Users\Zoran\Downloads\archive300x4\Training\glioma\Tr-gl_131.jpg
C:\Users\Zoran\Downloads\archive300x4\Training\meningioma\Tr-me_134.jpg
C:\Users\Zoran\Downloads\archive300x4\Training\notumor\Tr-no_169.jpg
C:\Users\Zoran\Downloads\archive300x4\Training\pituitary\Tr-pi_93.jpg
C:\Users\Zoran\Downloads\archive300x4\Training\glioma\Tr-gl_73.jpg
C:\Users\Zoran\Downloads\archive300x4\Training\glioma\Tr-gl_17.jpg
C:\Users\Zoran\Downloads\archive300x4\Training\meningioma\Tr-aug-me_20.jpg
C:\Users\Zoran\Downloads\archive300x4\Training\meningioma\Tr-aug-me_95.jpg
C:\Users\Zoran\Downloads\archive300x4\Training\notumor\Tr-no_223.jpg
C:\Users\Zoran\Downloads\archive300x4\Training\pituitary\Tr-pi_148.jpg
C:\Users\Zoran\Downloads\archive300x4\Training\glioma\Tr-gl_163.jpg
C:\Users\Zoran\Downloads\archive300x4\Training\glioma\Tr-gl_98.jpg
C:\Users\Zoran\Downloads\archive300x4\Training\pituitary\Tr-pi_156.jpg
C:\Users\Zoran\Downloads\archive300x4\Training\meningioma\Tr-me_165.jpg
C:\Users\Zoran\Downloads\archive300x4\Training\notumor\Tr-no_118.jpg
C:\Users\Zoran\Downloads\archive300x4\Training\glioma\Tr-gl_8.jpg
C:\Users\Zoran\Downloads\archive300x4\Training\glioma\Tr-gl_151.jpg
C:\Users\Zoran\Downloads\archive300x4\Training\pituitary\Tr-pi_140.jpg
C:\Users\Zoran\Downloads\archive300x4\Training\notumor\Tr-no_16.jpg
C:\Users\Zoran\Downloads\archive300x4\Training\notumor\Tr-no_171.jpg
C:\Users\Zoran\Downloads\archive300x4\Training\meningioma\Tr-aug-me_24.jpg
C:\Users\Zoran\Downloads\archive300x4\Training\notumor\Tr-no_186.jpg
C:\Users\Zoran\Downloads\archive300x4\Training\pituitary\Tr-pi_64.jpg
C:\Users\Zoran\Downloads\archive300x4\Training\glioma\Tr-gl_112.jpg
C:\Users\Zoran\Downloads\archive300x4\Training\glioma\Tr-gl_261.jpg
C:\Users\Zoran\Downloads\archive300x4\Training\meningioma\Tr-me_80.jpg
C:\Users\Zoran\Downloads\archive300x4\Training\notumor\Tr-no_242.jpg
C:\Users\Zoran\Downloads\archive300x4\Training\pituitary\Tr-pi_91.jpg
C:\Users\Zoran\Downloads\archive300x4\Training\pituitary\Tr-pi_137.jpg
C:\Users\Zoran\Downloads\archive300x4\Training\meningioma\Tr-me_40.jpg
C:\Users\Zoran\Downloads\archive300x4\Training\meningioma\Tr-aug-me_57.jpg
C:\Users\Zoran\Downloads\archive300x4\Training\notumor\Tr-no_143.jpg
C:\Users\Zoran\Downloads\archive300x4\Training\notumor\Tr-no_200.jpg
C:\Users\Zoran\Downloads\archive300x4\Training\glioma\Tr-gl_197.jpg
C:\Users\Zoran\Downloads\archive300x4\Training\glioma\Tr-gl_244.jpg
C:\Users\Zoran\Downloads\archive300x4\Training\pituitary\Tr-pi_273.jpg
C:\Users\Zoran\Downloads\archive300x4\Training\glioma\Tr-gl_62.jpg
C:\Users\Zoran\Downloads\archive300x4\Training\meningioma\Tr-me_128.jpg
C:\Users\Zoran\Downloads\archive300x4\Training\meningioma\Tr-aug-me_65.jpg
C:\Users\Zoran\Downloads\archive300x4\Training\notumor\Tr-no_199.jpg
C:\Users\Zoran\Downloads\archive300x4\Training\pituitary\Tr-pi_227.jpg
C:\Users\Zoran\Downloads\archive300x4\Training\pituitary\Tr-pi_43.jpg
C:\Users\Zoran\Downloads\archive300x4\Training\glioma\Tr-gl_165.jpg
C:\Users\Zoran\Downloads\archive300x4\Training\meningioma\Tr-me_101.jpg
C:\Users\Zoran\Downloads\archive300x4\Training\notumor\Tr-no_85.jpg
C:\Users\Zoran\Downloads\archive300x4\Training\meningioma\Tr-aug-me_41.jpg
C:\Users\Zoran\Downloads\archive300x4\Training\notumor\Tr-no_219.jpg
C:\Users\Zoran\Downloads\archive300x4\Training\notumor\Tr-no_64.jpg
C:\Users\Zoran\Downloads\archive300x4\Training\pituitary\Tr-pi_182.jpg
C:\Users\Zoran\Downloads\archive300x4\Training\glioma\Tr-gl_34.jpg
C:\Users\Zoran\Downloads\archive300x4\Training\notumor\Tr-no_261.jpg
C:\Users\Zoran\Downloads\archive300x4\Training\meningioma\Tr-me_48.jpg
C:\Users\Zoran\Downloads\archive300x4\Training\notumor\Tr-no_52.jpg
C:\Users\Zoran\Downloads\archive300x4\Training\glioma\Tr-gl_93.jpg
C:\Users\Zoran\Downloads\archive300x4\Training\pituitary\Tr-pi_281.jpg
C:\Users\Zoran\Downloads\archive300x4\Training\pituitary\Tr-pi_268.jpg
C:\Users\Zoran\Downloads\archive300x4\Training\glioma\Tr-gl_81.jpg
C:\Users\Zoran\Downloads\archive300x4\Training\notumor\Tr-no_148.jpg
C:\Users\Zoran\Downloads\archive300x4\Training\notumor\Tr-no_166.jpg
C:\Users\Zoran\Downloads\archive300x4\Training\notumor\Tr-no_126.jpg
C:\Users\Zoran\Downloads\archive300x4\Training\meningioma\Tr-me_51.jpg
C:\Users\Zoran\Downloads\archive300x4\Training\notumor\Tr-no_5.jpg
C:\Users\Zoran\Downloads\archive300x4\Training\pituitary\Tr-pi_168.jpg
C:\Users\Zoran\Downloads\archive300x4\Training\notumor\Tr-no_205.jpg
C:\Users\Zoran\Downloads\archive300x4\Training\pituitary\Tr-pi_15.jpg
C:\Users\Zoran\Downloads\archive300x4\Training\pituitary\Tr-pi_287.jpg
C:\Users\Zoran\Downloads\archive300x4\Training\meningioma\Tr-me_85.jpg
C:\Users\Zoran\Downloads\archive300x4\Training\pituitary\Tr-pi_85.jpg
C:\Users\Zoran\Downloads\archive300x4\Training\glioma\Tr-gl_133.jpg
C:\Users\Zoran\Downloads\archive300x4\Training\meningioma\Tr-me_63.jpg
C:\Users\Zoran\Downloads\archive300x4\Training\glioma\Tr-gl_237.jpg
C:\Users\Zoran\Downloads\archive300x4\Training\pituitary\Tr-pi_265.jpg
C:\Users\Zoran\Downloads\archive300x4\Training\notumor\Tr-no_117.jpg
C:\Users\Zoran\Downloads\archive300x4\Training\meningioma\Tr-aug-me_27.jpg
C:\Users\Zoran\Downloads\archive300x4\Training\notumor\Tr-no_15.jpg
C:\Users\Zoran\Downloads\archive300x4\Training\notumor\Tr-no_201.jpg
C:\Users\Zoran\Downloads\archive300x4\Training\glioma\Tr-gl_114.jpg
C:\Users\Zoran\Downloads\archive300x4\Training\notumor\Tr-no_176.jpg
C:\Users\Zoran\Downloads\archive300x4\Training\glioma\Tr-gl_143.jpg
C:\Users\Zoran\Downloads\archive300x4\Training\pituitary\Tr-pi_39.jpg
C:\Users\Zoran\Downloads\archive300x4\Training\pituitary\Tr-pi_253.jpg
C:\Users\Zoran\Downloads\archive300x4\Training\notumor\Tr-no_112.jpg
C:\Users\Zoran\Downloads\archive300x4\Training\pituitary\Tr-pi_44.jpg
C:\Users\Zoran\Downloads\archive300x4\Training\meningioma\Tr-aug-me_92.jpg
C:\Users\Zoran\Downloads\archive300x4\Training\meningioma\Tr-me_49.jpg
C:\Users\Zoran\Downloads\archive300x4\Training\meningioma\Tr-me_35.jpg
C:\Users\Zoran\Downloads\archive300x4\Training\glioma\Tr-gl_267.jpg
C:\Users\Zoran\Downloads\archive300x4\Training\notumor\Tr-no_281.jpg
C:\Users\Zoran\Downloads\archive300x4\Training\glioma\Tr-gl_84.jpg
C:\Users\Zoran\Downloads\archive300x4\Training\meningioma\Tr-aug-me_66.jpg
C:\Users\Zoran\Downloads\archive300x4\Training\notumor\Tr-no_137.jpg
C:\Users\Zoran\Downloads\archive300x4\Training\meningioma\Tr-aug-me_28.jpg
C:\Users\Zoran\Downloads\archive300x4\Training\pituitary\Tr-pi_261.jpg
C:\Users\Zoran\Downloads\archive300x4\Training\pituitary\Tr-pi_154.jpg
C:\Users\Zoran\Downloads\archive300x4\Training\notumor\Tr-no_22.jpg
C:\Users\Zoran\Downloads\archive300x4\Training\notumor\Tr-no_188.jpg
C:\Users\Zoran\Downloads\archive300x4\Training\notumor\Tr-no_21.jpg
C:\Users\Zoran\Downloads\archive300x4\Training\glioma\Tr-gl_54.jpg
C:\Users\Zoran\Downloads\archive300x4\Training\meningioma\Tr-aug-me_53.jpg
C:\Users\Zoran\Downloads\archive300x4\Training\pituitary\Tr-pi_246.jpg
C:\Users\Zoran\Downloads\archive300x4\Training\pituitary\Tr-pi_66.jpg
C:\Users\Zoran\Downloads\archive300x4\Training\notumor\Tr-no_144.jpg
C:\Users\Zoran\Downloads\archive300x4\Training\glioma\Tr-gl_156.jpg
C:\Users\Zoran\Downloads\archive300x4\Training\notumor\Tr-no_266.jpg
C:\Users\Zoran\Downloads\archive300x4\Training\glioma\Tr-gl_123.jpg
C:\Users\Zoran\Downloads\archive300x4\Training\meningioma\Tr-me_119.jpg
C:\Users\Zoran\Downloads\archive300x4\Training\glioma\Tr-gl_161.jpg
C:\Users\Zoran\Downloads\archive300x4\Training\pituitary\Tr-pi_97.jpg
C:\Users\Zoran\Downloads\archive300x4\Training\notumor\Tr-no_183.jpg
C:\Users\Zoran\Downloads\archive300x4\Training\meningioma\Tr-me_138.jpg
C:\Users\Zoran\Downloads\archive300x4\Training\glioma\Tr-gl_139.jpg
C:\Users\Zoran\Downloads\archive300x4\Training\meningioma\Tr-me_79.jpg
C:\Users\Zoran\Downloads\archive300x4\Training\pituitary\Tr-pi_96.jpg
C:\Users\Zoran\Downloads\archive300x4\Training\pituitary\Tr-pi_285.jpg
C:\Users\Zoran\Downloads\archive300x4\Training\meningioma\Tr-aug-me_37.jpg
C:\Users\Zoran\Downloads\archive300x4\Training\pituitary\Tr-pi_100.jpg
C:\Users\Zoran\Downloads\archive300x4\Training\pituitary\Tr-pi_7.jpg
C:\Users\Zoran\Downloads\archive300x4\Training\pituitary\Tr-pi_32.jpg
C:\Users\Zoran\Downloads\archive300x4\Training\notumor\Tr-no_294.jpg
C:\Users\Zoran\Downloads\archive300x4\Training\glioma\Tr-gl_45.jpg
C:\Users\Zoran\Downloads\archive300x4\Training\meningioma\Tr-aug-me_68.jpg
C:\Users\Zoran\Downloads\archive300x4\Training\notumor\Tr-no_195.jpg
C:\Users\Zoran\Downloads\archive300x4\Training\pituitary\Tr-pi_136.jpg
C:\Users\Zoran\Downloads\archive300x4\Training\pituitary\Tr-pi_277.jpg
C:\Users\Zoran\Downloads\archive300x4\Training\pituitary\Tr-pi_61.jpg
C:\Users\Zoran\Downloads\archive300x4\Training\glioma\Tr-gl_291.jpg
C:\Users\Zoran\Downloads\archive300x4\Training\meningioma\Tr-me_133.jpg
C:\Users\Zoran\Downloads\archive300x4\Training\pituitary\Tr-pi_36.jpg
C:\Users\Zoran\Downloads\archive300x4\Training\glioma\Tr-gl_294.jpg
C:\Users\Zoran\Downloads\archive300x4\Training\notumor\Tr-no_181.jpg
C:\Users\Zoran\Downloads\archive300x4\Training\meningioma\Tr-me_54.jpg
C:\Users\Zoran\Downloads\archive300x4\Training\notumor\Tr-no_8.jpg
C:\Users\Zoran\Downloads\archive300x4\Training\meningioma\Tr-aug-me_72.jpg
C:\Users\Zoran\Downloads\archive300x4\Training\meningioma\Tr-me_149.jpg
C:\Users\Zoran\Downloads\archive300x4\Training\meningioma\Tr-me_131.jpg
C:\Users\Zoran\Downloads\archive300x4\Training\glioma\Tr-gl_63.jpg
C:\Users\Zoran\Downloads\archive300x4\Training\meningioma\Tr-me_195.jpg
C:\Users\Zoran\Downloads\archive300x4\Training\notumor\Tr-no_180.jpg
C:\Users\Zoran\Downloads\archive300x4\Training\notumor\Tr-no_73.jpg
C:\Users\Zoran\Downloads\archive300x4\Training\pituitary\Tr-pi_237.jpg
C:\Users\Zoran\Downloads\archive300x4\Training\pituitary\Tr-pi_181.jpg
C:\Users\Zoran\Downloads\archive300x4\Training\glioma\Tr-gl_110.jpg
C:\Users\Zoran\Downloads\archive300x4\Training\notumor\Tr-no_236.jpg
C:\Users\Zoran\Downloads\archive300x4\Training\meningioma\Tr-aug-me_43.jpg
C:\Users\Zoran\Downloads\archive300x4\Training\notumor\Tr-no_103.jpg
C:\Users\Zoran\Downloads\archive300x4\Training\meningioma\Tr-me_32.jpg
C:\Users\Zoran\Downloads\archive300x4\Training\pituitary\Tr-pi_180.jpg
C:\Users\Zoran\Downloads\archive300x4\Training\pituitary\Tr-pi_79.jpg
C:\Users\Zoran\Downloads\archive300x4\Training\glioma\Tr-gl_248.jpg
C:\Users\Zoran\Downloads\archive300x4\Training\notumor\Tr-no_222.jpg
C:\Users\Zoran\Downloads\archive300x4\Training\glioma\Tr-gl_269.jpg
C:\Users\Zoran\Downloads\archive300x4\Training\notumor\Tr-no_92.jpg
C:\Users\Zoran\Downloads\archive300x4\Training\pituitary\Tr-pi_12.jpg
C:\Users\Zoran\Downloads\archive300x4\Training\notumor\Tr-no_289.jpg
C:\Users\Zoran\Downloads\archive300x4\Training\pituitary\Tr-pi_223.jpg
C:\Users\Zoran\Downloads\archive300x4\Training\pituitary\Tr-pi_188.jpg
C:\Users\Zoran\Downloads\archive300x4\Training\meningioma\Tr-me_121.jpg
C:\Users\Zoran\Downloads\archive300x4\Training\pituitary\Tr-pi_58.jpg
C:\Users\Zoran\Downloads\archive300x4\Training\meningioma\Tr-me_197.jpg
C:\Users\Zoran\Downloads\archive300x4\Training\meningioma\Tr-me_2.jpg
C:\Users\Zoran\Downloads\archive300x4\Training\notumor\Tr-no_203.jpg
C:\Users\Zoran\Downloads\archive300x4\Training\glioma\Tr-gl_192.jpg
C:\Users\Zoran\Downloads\archive300x4\Training\meningioma\Tr-me_75.jpg
C:\Users\Zoran\Downloads\archive300x4\Training\meningioma\Tr-aug-me_44.jpg
C:\Users\Zoran\Downloads\archive300x4\Training\glioma\Tr-gl_202.jpg
C:\Users\Zoran\Downloads\archive300x4\Training\notumor\Tr-no_71.jpg
C:\Users\Zoran\Downloads\archive300x4\Training\meningioma\Tr-me_92.jpg
C:\Users\Zoran\Downloads\archive300x4\Training\pituitary\Tr-pi_113.jpg
C:\Users\Zoran\Downloads\archive300x4\Training\notumor\Tr-no_11.jpg
C:\Users\Zoran\Downloads\archive300x4\Training\meningioma\Tr-me_97.jpg
C:\Users\Zoran\Downloads\archive300x4\Training\meningioma\Tr-me_25.jpg
C:\Users\Zoran\Downloads\archive300x4\Training\notumor\Tr-no_295.jpg
C:\Users\Zoran\Downloads\archive300x4\Training\notumor\Tr-no_124.jpg
C:\Users\Zoran\Downloads\archive300x4\Training\pituitary\Tr-pi_2.jpg
C:\Users\Zoran\Downloads\archive300x4\Training\glioma\Tr-gl_22.jpg
C:\Users\Zoran\Downloads\archive300x4\Training\notumor\Tr-no_51.jpg
C:\Users\Zoran\Downloads\archive300x4\Training\pituitary\Tr-pi_78.jpg
C:\Users\Zoran\Downloads\archive300x4\Training\meningioma\Tr-me_33.jpg
C:\Users\Zoran\Downloads\archive300x4\Training\glioma\Tr-gl_222.jpg
C:\Users\Zoran\Downloads\archive300x4\Training\glioma\Tr-gl_205.jpg
C:\Users\Zoran\Downloads\archive300x4\Training\glioma\Tr-gl_120.jpg
C:\Users\Zoran\Downloads\archive300x4\Training\glioma\Tr-gl_82.jpg
C:\Users\Zoran\Downloads\archive300x4\Training\glioma\Tr-gl_167.jpg
C:\Users\Zoran\Downloads\archive300x4\Training\notumor\Tr-no_213.jpg
C:\Users\Zoran\Downloads\archive300x4\Training\pituitary\Tr-pi_159.jpg
C:\Users\Zoran\Downloads\archive300x4\Training\meningioma\Tr-aug-me_58.jpg
C:\Users\Zoran\Downloads\archive300x4\Training\pituitary\Tr-pi_262.jpg
C:\Users\Zoran\Downloads\archive300x4\Training\notumor\Tr-no_258.jpg
C:\Users\Zoran\Downloads\archive300x4\Training\glioma\Tr-gl_259.jpg
C:\Users\Zoran\Downloads\archive300x4\Training\notumor\Tr-no_109.jpg
C:\Users\Zoran\Downloads\archive300x4\Training\glioma\Tr-gl_105.jpg
C:\Users\Zoran\Downloads\archive300x4\Training\glioma\Tr-gl_233.jpg
C:\Users\Zoran\Downloads\archive300x4\Training\meningioma\Tr-me_175.jpg
C:\Users\Zoran\Downloads\archive300x4\Training\pituitary\Tr-pi_194.jpg
C:\Users\Zoran\Downloads\archive300x4\Training\pituitary\Tr-pi_220.jpg
C:\Users\Zoran\Downloads\archive300x4\Training\notumor\Tr-no_244.jpg
C:\Users\Zoran\Downloads\archive300x4\Training\notumor\Tr-no_182.jpg
C:\Users\Zoran\Downloads\archive300x4\Training\meningioma\Tr-me_3.jpg
C:\Users\Zoran\Downloads\archive300x4\Training\glioma\Tr-gl_258.jpg
C:\Users\Zoran\Downloads\archive300x4\Training\notumor\Tr-no_31.jpg
C:\Users\Zoran\Downloads\archive300x4\Training\notumor\Tr-no_168.jpg
C:\Users\Zoran\Downloads\archive300x4\Training\meningioma\Tr-aug-me_4.jpg
C:\Users\Zoran\Downloads\archive300x4\Training\meningioma\Tr-aug-me_40.jpg
C:\Users\Zoran\Downloads\archive300x4\Training\meningioma\Tr-aug-me_89.jpg
C:\Users\Zoran\Downloads\archive300x4\Training\pituitary\Tr-pi_106.jpg
C:\Users\Zoran\Downloads\archive300x4\Training\meningioma\Tr-aug-me_6.jpg
C:\Users\Zoran\Downloads\archive300x4\Training\pituitary\Tr-pi_6.jpg
C:\Users\Zoran\Downloads\archive300x4\Training\meningioma\Tr-aug-me_35.jpg
C:\Users\Zoran\Downloads\archive300x4\Training\pituitary\Tr-pi_116.jpg
C:\Users\Zoran\Downloads\archive300x4\Training\meningioma\Tr-me_120.jpg
C:\Users\Zoran\Downloads\archive300x4\Training\meningioma\Tr-me_73.jpg
C:\Users\Zoran\Downloads\archive300x4\Training\glioma\Tr-gl_140.jpg
C:\Users\Zoran\Downloads\archive300x4\Training\notumor\Tr-no_91.jpg
C:\Users\Zoran\Downloads\archive300x4\Training\pituitary\Tr-pi_175.jpg
C:\Users\Zoran\Downloads\archive300x4\Training\pituitary\Tr-pi_263.jpg
C:\Users\Zoran\Downloads\archive300x4\Training\notumor\Tr-no_230.jpg
C:\Users\Zoran\Downloads\archive300x4\Training\glioma\Tr-gl_49.jpg
C:\Users\Zoran\Downloads\archive300x4\Training\meningioma\Tr-me_126.jpg
C:\Users\Zoran\Downloads\archive300x4\Training\glioma\Tr-gl_243.jpg
C:\Users\Zoran\Downloads\archive300x4\Training\meningioma\Tr-me_98.jpg
C:\Users\Zoran\Downloads\archive300x4\Training\glioma\Tr-gl_134.jpg
C:\Users\Zoran\Downloads\archive300x4\Training\pituitary\Tr-pi_119.jpg
C:\Users\Zoran\Downloads\archive300x4\Training\meningioma\Tr-me_139.jpg
C:\Users\Zoran\Downloads\archive300x4\Training\glioma\Tr-gl_154.jpg
C:\Users\Zoran\Downloads\archive300x4\Training\meningioma\Tr-me_107.jpg
C:\Users\Zoran\Downloads\archive300x4\Training\pituitary\Tr-pi_278.jpg
C:\Users\Zoran\Downloads\archive300x4\Training\glioma\Tr-gl_149.jpg
C:\Users\Zoran\Downloads\archive300x4\Training\meningioma\Tr-me_177.jpg
C:\Users\Zoran\Downloads\archive300x4\Training\glioma\Tr-gl_296.jpg
C:\Users\Zoran\Downloads\archive300x4\Training\meningioma\Tr-me_164.jpg
C:\Users\Zoran\Downloads\archive300x4\Training\meningioma\Tr-aug-me_78.jpg
C:\Users\Zoran\Downloads\archive300x4\Training\pituitary\Tr-pi_76.jpg
C:\Users\Zoran\Downloads\archive300x4\Training\meningioma\Tr-aug-me_59.jpg
C:\Users\Zoran\Downloads\archive300x4\Training\notumor\Tr-no_254.jpg
C:\Users\Zoran\Downloads\archive300x4\Training\meningioma\Tr-me_174.jpg
C:\Users\Zoran\Downloads\archive300x4\Training\glioma\Tr-gl_67.jpg
C:\Users\Zoran\Downloads\archive300x4\Training\glioma\Tr-gl_75.jpg
C:\Users\Zoran\Downloads\archive300x4\Training\pituitary\Tr-pi_151.jpg
C:\Users\Zoran\Downloads\archive300x4\Training\pituitary\Tr-pi_73.jpg
C:\Users\Zoran\Downloads\archive300x4\Training\pituitary\Tr-pi_260.jpg
C:\Users\Zoran\Downloads\archive300x4\Training\meningioma\Tr-aug-me_62.jpg
C:\Users\Zoran\Downloads\archive300x4\Training\pituitary\Tr-pi_46.jpg
C:\Users\Zoran\Downloads\archive300x4\Training\glioma\Tr-gl_23.jpg
C:\Users\Zoran\Downloads\archive300x4\Training\meningioma\Tr-me_116.jpg
C:\Users\Zoran\Downloads\archive300x4\Training\meningioma\Tr-aug-me_13.jpg
C:\Users\Zoran\Downloads\archive300x4\Training\notumor\Tr-no_67.jpg
C:\Users\Zoran\Downloads\archive300x4\Training\notumor\Tr-no_241.jpg
C:\Users\Zoran\Downloads\archive300x4\Training\notumor\Tr-no_123.jpg
C:\Users\Zoran\Downloads\archive300x4\Training\pituitary\Tr-pi_115.jpg
C:\Users\Zoran\Downloads\archive300x4\Training\pituitary\Tr-pi_238.jpg
C:\Users\Zoran\Downloads\archive300x4\Training\glioma\Tr-gl_168.jpg
C:\Users\Zoran\Downloads\archive300x4\Training\notumor\Tr-no_299.jpg
C:\Users\Zoran\Downloads\archive300x4\Training\pituitary\Tr-pi_131.jpg
C:\Users\Zoran\Downloads\archive300x4\Training\glioma\Tr-gl_218.jpg
C:\Users\Zoran\Downloads\archive300x4\Training\glioma\Tr-gl_152.jpg
C:\Users\Zoran\Downloads\archive300x4\Training\notumor\Tr-no_231.jpg
C:\Users\Zoran\Downloads\archive300x4\Training\meningioma\Tr-me_71.jpg
C:\Users\Zoran\Downloads\archive300x4\Training\glioma\Tr-gl_226.jpg
C:\Users\Zoran\Downloads\archive300x4\Training\notumor\Tr-no_218.jpg
C:\Users\Zoran\Downloads\archive300x4\Training\meningioma\Tr-me_26.jpg
C:\Users\Zoran\Downloads\archive300x4\Training\pituitary\Tr-pi_300.jpg
C:\Users\Zoran\Downloads\archive300x4\Training\meningioma\Tr-me_124.jpg
C:\Users\Zoran\Downloads\archive300x4\Training\glioma\Tr-gl_299.jpg
C:\Users\Zoran\Downloads\archive300x4\Training\pituitary\Tr-pi_221.jpg
C:\Users\Zoran\Downloads\archive300x4\Training\meningioma\Tr-aug-me_5.jpg
C:\Users\Zoran\Downloads\archive300x4\Training\pituitary\Tr-pi_153.jpg
C:\Users\Zoran\Downloads\archive300x4\Training\pituitary\Tr-pi_81.jpg
C:\Users\Zoran\Downloads\archive300x4\Training\glioma\Tr-gl_283.jpg
C:\Users\Zoran\Downloads\archive300x4\Training\glioma\Tr-gl_132.jpg
C:\Users\Zoran\Downloads\archive300x4\Training\pituitary\Tr-pi_205.jpg
C:\Users\Zoran\Downloads\archive300x4\Training\notumor\Tr-no_245.jpg
C:\Users\Zoran\Downloads\archive300x4\Training\notumor\Tr-no_153.jpg
C:\Users\Zoran\Downloads\archive300x4\Training\meningioma\Tr-aug-me_42.jpg
C:\Users\Zoran\Downloads\archive300x4\Training\notumor\Tr-no_72.jpg
C:\Users\Zoran\Downloads\archive300x4\Training\meningioma\Tr-aug-me_81.jpg
C:\Users\Zoran\Downloads\archive300x4\Training\glioma\Tr-gl_115.jpg
C:\Users\Zoran\Downloads\archive300x4\Training\glioma\Tr-gl_24.jpg
C:\Users\Zoran\Downloads\archive300x4\Training\meningioma\Tr-aug-me_2.jpg
C:\Users\Zoran\Downloads\archive300x4\Training\notumor\Tr-no_58.jpg
C:\Users\Zoran\Downloads\archive300x4\Training\meningioma\Tr-aug-me_30.jpg
C:\Users\Zoran\Downloads\archive300x4\Training\meningioma\Tr-me_1.jpg
C:\Users\Zoran\Downloads\archive300x4\Training\glioma\Tr-gl_280.jpg
C:\Users\Zoran\Downloads\archive300x4\Training\pituitary\Tr-pi_145.jpg
C:\Users\Zoran\Downloads\archive300x4\Training\pituitary\Tr-pi_139.jpg
C:\Users\Zoran\Downloads\archive300x4\Training\meningioma\Tr-me_199.jpg
C:\Users\Zoran\Downloads\archive300x4\Training\notumor\Tr-no_101.jpg
C:\Users\Zoran\Downloads\archive300x4\Training\glioma\Tr-gl_70.jpg
C:\Users\Zoran\Downloads\archive300x4\Training\meningioma\Tr-me_112.jpg
C:\Users\Zoran\Downloads\archive300x4\Training\glioma\Tr-gl_246.jpg
C:\Users\Zoran\Downloads\archive300x4\Training\notumor\Tr-no_114.jpg
C:\Users\Zoran\Downloads\archive300x4\Training\pituitary\Tr-pi_224.jpg
C:\Users\Zoran\Downloads\archive300x4\Training\notumor\Tr-no_2.jpg
C:\Users\Zoran\Downloads\archive300x4\Training\pituitary\Tr-pi_1.jpg
C:\Users\Zoran\Downloads\archive300x4\Training\glioma\Tr-gl_20.jpg
C:\Users\Zoran\Downloads\archive300x4\Training\pituitary\Tr-pi_144.jpg
C:\Users\Zoran\Downloads\archive300x4\Training\meningioma\Tr-aug-me_1.jpg
C:\Users\Zoran\Downloads\archive300x4\Training\notumor\Tr-no_147.jpg
C:\Users\Zoran\Downloads\archive300x4\Training\notumor\Tr-no_131.jpg
C:\Users\Zoran\Downloads\archive300x4\Training\meningioma\Tr-me_61.jpg
C:\Users\Zoran\Downloads\archive300x4\Training\meningioma\Tr-aug-me_29.jpg
C:\Users\Zoran\Downloads\archive300x4\Training\notumor\Tr-no_138.jpg
C:\Users\Zoran\Downloads\archive300x4\Training\notumor\Tr-no_19.jpg
C:\Users\Zoran\Downloads\archive300x4\Training\glioma\Tr-gl_142.jpg
C:\Users\Zoran\Downloads\archive300x4\Training\notumor\Tr-no_87.jpg
C:\Users\Zoran\Downloads\archive300x4\Training\meningioma\Tr-me_55.jpg
C:\Users\Zoran\Downloads\archive300x4\Training\glioma\Tr-gl_119.jpg
C:\Users\Zoran\Downloads\archive300x4\Training\glioma\Tr-gl_29.jpg
C:\Users\Zoran\Downloads\archive300x4\Training\meningioma\Tr-aug-me_91.jpg
C:\Users\Zoran\Downloads\archive300x4\Training\meningioma\Tr-aug-me_97.jpg
C:\Users\Zoran\Downloads\archive300x4\Training\notumor\Tr-no_130.jpg
C:\Users\Zoran\Downloads\archive300x4\Training\notumor\Tr-no_9.jpg
C:\Users\Zoran\Downloads\archive300x4\Training\notumor\Tr-no_197.jpg
C:\Users\Zoran\Downloads\archive300x4\Training\glioma\Tr-gl_253.jpg
C:\Users\Zoran\Downloads\archive300x4\Training\notumor\Tr-no_125.jpg
C:\Users\Zoran\Downloads\archive300x4\Training\notumor\Tr-no_217.jpg
C:\Users\Zoran\Downloads\archive300x4\Training\notumor\Tr-no_49.jpg
C:\Users\Zoran\Downloads\archive300x4\Training\glioma\Tr-gl_118.jpg
C:\Users\Zoran\Downloads\archive300x4\Training\meningioma\Tr-me_150.jpg
C:\Users\Zoran\Downloads\archive300x4\Training\notumor\Tr-no_167.jpg
C:\Users\Zoran\Downloads\archive300x4\Training\pituitary\Tr-pi_108.jpg
C:\Users\Zoran\Downloads\archive300x4\Training\glioma\Tr-gl_124.jpg
C:\Users\Zoran\Downloads\archive300x4\Training\notumor\Tr-no_196.jpg
C:\Users\Zoran\Downloads\archive300x4\Training\pituitary\Tr-pi_290.jpg
C:\Users\Zoran\Downloads\archive300x4\Training\notumor\Tr-no_238.jpg
C:\Users\Zoran\Downloads\archive300x4\Training\glioma\Tr-gl_223.jpg
C:\Users\Zoran\Downloads\archive300x4\Training\pituitary\Tr-pi_16.jpg
C:\Users\Zoran\Downloads\archive300x4\Training\meningioma\Tr-me_43.jpg
C:\Users\Zoran\Downloads\archive300x4\Training\meningioma\Tr-aug-me_36.jpg
C:\Users\Zoran\Downloads\archive300x4\Training\glioma\Tr-gl_100.jpg
C:\Users\Zoran\Downloads\archive300x4\Training\glioma\Tr-gl_42.jpg
C:\Users\Zoran\Downloads\archive300x4\Training\notumor\Tr-no_33.jpg
C:\Users\Zoran\Downloads\archive300x4\Training\notumor\Tr-no_37.jpg
C:\Users\Zoran\Downloads\archive300x4\Training\glioma\Tr-gl_13.jpg
C:\Users\Zoran\Downloads\archive300x4\Training\glioma\Tr-gl_234.jpg
C:\Users\Zoran\Downloads\archive300x4\Training\meningioma\Tr-me_104.jpg
C:\Users\Zoran\Downloads\archive300x4\Training\meningioma\Tr-me_117.jpg
C:\Users\Zoran\Downloads\archive300x4\Training\glioma\Tr-gl_257.jpg
C:\Users\Zoran\Downloads\archive300x4\Training\glioma\Tr-gl_130.jpg
C:\Users\Zoran\Downloads\archive300x4\Training\glioma\Tr-gl_32.jpg
C:\Users\Zoran\Downloads\archive300x4\Training\pituitary\Tr-pi_233.jpg
C:\Users\Zoran\Downloads\archive300x4\Training\glioma\Tr-gl_97.jpg
C:\Users\Zoran\Downloads\archive300x4\Training\pituitary\Tr-pi_208.jpg
C:\Users\Zoran\Downloads\archive300x4\Training\notumor\Tr-no_29.jpg
C:\Users\Zoran\Downloads\archive300x4\Training\glioma\Tr-gl_59.jpg
C:\Users\Zoran\Downloads\archive300x4\Training\notumor\Tr-no_99.jpg
C:\Users\Zoran\Downloads\archive300x4\Training\glioma\Tr-gl_212.jpg
C:\Users\Zoran\Downloads\archive300x4\Training\notumor\Tr-no_6.jpg
C:\Users\Zoran\Downloads\archive300x4\Training\pituitary\Tr-pi_297.jpg
C:\Users\Zoran\Downloads\archive300x4\Training\notumor\Tr-no_224.jpg
C:\Users\Zoran\Downloads\archive300x4\Training\notumor\Tr-no_277.jpg
C:\Users\Zoran\Downloads\archive300x4\Training\notumor\Tr-no_297.jpg
C:\Users\Zoran\Downloads\archive300x4\Training\pituitary\Tr-pi_201.jpg
C:\Users\Zoran\Downloads\archive300x4\Training\glioma\Tr-gl_170.jpg
C:\Users\Zoran\Downloads\archive300x4\Training\pituitary\Tr-pi_114.jpg
C:\Users\Zoran\Downloads\archive300x4\Training\pituitary\Tr-pi_163.jpg
C:\Users\Zoran\Downloads\archive300x4\Training\glioma\Tr-gl_80.jpg
C:\Users\Zoran\Downloads\archive300x4\Training\glioma\Tr-gl_273.jpg
C:\Users\Zoran\Downloads\archive300x4\Training\notumor\Tr-no_269.jpg
C:\Users\Zoran\Downloads\archive300x4\Training\pituitary\Tr-pi_250.jpg
C:\Users\Zoran\Downloads\archive300x4\Training\notumor\Tr-no_187.jpg
C:\Users\Zoran\Downloads\archive300x4\Training\glioma\Tr-gl_25.jpg
C:\Users\Zoran\Downloads\archive300x4\Training\meningioma\Tr-me_46.jpg
C:\Users\Zoran\Downloads\archive300x4\Training\pituitary\Tr-pi_229.jpg
C:\Users\Zoran\Downloads\archive300x4\Training\pituitary\Tr-pi_31.jpg
C:\Users\Zoran\Downloads\archive300x4\Training\notumor\Tr-no_177.jpg
C:\Users\Zoran\Downloads\archive300x4\Training\pituitary\Tr-pi_295.jpg
C:\Users\Zoran\Downloads\archive300x4\Training\meningioma\Tr-aug-me_71.jpg
C:\Users\Zoran\Downloads\archive300x4\Training\pituitary\Tr-pi_60.jpg
C:\Users\Zoran\Downloads\archive300x4\Training\meningioma\Tr-me_171.jpg
C:\Users\Zoran\Downloads\archive300x4\Training\pituitary\Tr-pi_216.jpg
C:\Users\Zoran\Downloads\archive300x4\Training\glioma\Tr-gl_221.jpg
C:\Users\Zoran\Downloads\archive300x4\Training\pituitary\Tr-pi_169.jpg
C:\Users\Zoran\Downloads\archive300x4\Training\notumor\Tr-no_79.jpg
C:\Users\Zoran\Downloads\archive300x4\Training\pituitary\Tr-pi_18.jpg
C:\Users\Zoran\Downloads\archive300x4\Training\notumor\Tr-no_232.jpg
C:\Users\Zoran\Downloads\archive300x4\Training\glioma\Tr-gl_200.jpg
C:\Users\Zoran\Downloads\archive300x4\Training\notumor\Tr-no_160.jpg
C:\Users\Zoran\Downloads\archive300x4\Training\meningioma\Tr-me_29.jpg
C:\Users\Zoran\Downloads\archive300x4\Training\notumor\Tr-no_252.jpg
C:\Users\Zoran\Downloads\archive300x4\Training\glioma\Tr-gl_50.jpg
C:\Users\Zoran\Downloads\archive300x4\Training\notumor\Tr-no_257.jpg
C:\Users\Zoran\Downloads\archive300x4\Training\glioma\Tr-gl_155.jpg
C:\Users\Zoran\Downloads\archive300x4\Training\meningioma\Tr-me_99.jpg
C:\Users\Zoran\Downloads\archive300x4\Training\pituitary\Tr-pi_271.jpg
C:\Users\Zoran\Downloads\archive300x4\Training\glioma\Tr-gl_189.jpg
C:\Users\Zoran\Downloads\archive300x4\Training\meningioma\Tr-me_163.jpg
C:\Users\Zoran\Downloads\archive300x4\Training\pituitary\Tr-pi_142.jpg
C:\Users\Zoran\Downloads\archive300x4\Training\glioma\Tr-gl_58.jpg
C:\Users\Zoran\Downloads\archive300x4\Training\pituitary\Tr-pi_28.jpg
C:\Users\Zoran\Downloads\archive300x4\Training\meningioma\Tr-aug-me_100.jpg
C:\Users\Zoran\Downloads\archive300x4\Training\glioma\Tr-gl_91.jpg
C:\Users\Zoran\Downloads\archive300x4\Training\pituitary\Tr-pi_150.jpg
C:\Users\Zoran\Downloads\archive300x4\Training\notumor\Tr-no_23.jpg
C:\Users\Zoran\Downloads\archive300x4\Training\notumor\Tr-no_267.jpg
C:\Users\Zoran\Downloads\archive300x4\Training\notumor\Tr-no_278.jpg
C:\Users\Zoran\Downloads\archive300x4\Training\pituitary\Tr-pi_107.jpg
C:\Users\Zoran\Downloads\archive300x4\Training\meningioma\Tr-me_105.jpg
C:\Users\Zoran\Downloads\archive300x4\Training\meningioma\Tr-aug-me_83.jpg
C:\Users\Zoran\Downloads\archive300x4\Training\notumor\Tr-no_276.jpg
C:\Users\Zoran\Downloads\archive300x4\Training\pituitary\Tr-pi_219.jpg
C:\Users\Zoran\Downloads\archive300x4\Training\pituitary\Tr-pi_63.jpg
C:\Users\Zoran\Downloads\archive300x4\Training\glioma\Tr-gl_85.jpg
C:\Users\Zoran\Downloads\archive300x4\Training\pituitary\Tr-pi_231.jpg
C:\Users\Zoran\Downloads\archive300x4\Training\meningioma\Tr-me_141.jpg
C:\Users\Zoran\Downloads\archive300x4\Training\notumor\Tr-no_44.jpg
C:\Users\Zoran\Downloads\archive300x4\Training\notumor\Tr-no_212.jpg
C:\Users\Zoran\Downloads\archive300x4\Training\glioma\Tr-gl_207.jpg
C:\Users\Zoran\Downloads\archive300x4\Training\notumor\Tr-no_17.jpg
C:\Users\Zoran\Downloads\archive300x4\Training\meningioma\Tr-me_109.jpg
C:\Users\Zoran\Downloads\archive300x4\Training\pituitary\Tr-pi_53.jpg
C:\Users\Zoran\Downloads\archive300x4\Training\glioma\Tr-gl_2.jpg
C:\Users\Zoran\Downloads\archive300x4\Training\glioma\Tr-gl_182.jpg
C:\Users\Zoran\Downloads\archive300x4\Training\pituitary\Tr-pi_269.jpg
C:\Users\Zoran\Downloads\archive300x4\Training\meningioma\Tr-me_96.jpg
C:\Users\Zoran\Downloads\archive300x4\Training\glioma\Tr-gl_117.jpg
C:\Users\Zoran\Downloads\archive300x4\Training\notumor\Tr-no_292.jpg
C:\Users\Zoran\Downloads\archive300x4\Training\meningioma\Tr-me_102.jpg
C:\Users\Zoran\Downloads\archive300x4\Training\notumor\Tr-no_273.jpg
C:\Users\Zoran\Downloads\archive300x4\Training\pituitary\Tr-pi_270.jpg
C:\Users\Zoran\Downloads\archive300x4\Training\meningioma\Tr-me_39.jpg
C:\Users\Zoran\Downloads\archive300x4\Training\meningioma\Tr-me_188.jpg
C:\Users\Zoran\Downloads\archive300x4\Training\notumor\Tr-no_83.jpg
C:\Users\Zoran\Downloads\archive300x4\Training\notumor\Tr-no_81.jpg
C:\Users\Zoran\Downloads\archive300x4\Training\notumor\Tr-no_140.jpg
C:\Users\Zoran\Downloads\archive300x4\Training\meningioma\Tr-me_65.jpg
C:\Users\Zoran\Downloads\archive300x4\Training\meningioma\Tr-aug-me_7.jpg
C:\Users\Zoran\Downloads\archive300x4\Training\notumor\Tr-no_208.jpg
C:\Users\Zoran\Downloads\archive300x4\Training\notumor\Tr-no_162.jpg
C:\Users\Zoran\Downloads\archive300x4\Training\glioma\Tr-gl_293.jpg
C:\Users\Zoran\Downloads\archive300x4\Training\meningioma\Tr-me_184.jpg
C:\Users\Zoran\Downloads\archive300x4\Training\pituitary\Tr-pi_59.jpg
C:\Users\Zoran\Downloads\archive300x4\Training\pituitary\Tr-pi_49.jpg
C:\Users\Zoran\Downloads\archive300x4\Training\glioma\Tr-gl_247.jpg
C:\Users\Zoran\Downloads\archive300x4\Training\glioma\Tr-gl_6.jpg
C:\Users\Zoran\Downloads\archive300x4\Training\notumor\Tr-no_285.jpg
C:\Users\Zoran\Downloads\archive300x4\Training\pituitary\Tr-pi_127.jpg
C:\Users\Zoran\Downloads\archive300x4\Training\meningioma\Tr-aug-me_9.jpg
C:\Users\Zoran\Downloads\archive300x4\Training\meningioma\Tr-me_181.jpg
C:\Users\Zoran\Downloads\archive300x4\Training\notumor\Tr-no_24.jpg
C:\Users\Zoran\Downloads\archive300x4\Training\pituitary\Tr-pi_192.jpg
C:\Users\Zoran\Downloads\archive300x4\Training\notumor\Tr-no_134.jpg
C:\Users\Zoran\Downloads\archive300x4\Training\pituitary\Tr-pi_82.jpg
C:\Users\Zoran\Downloads\archive300x4\Training\pituitary\Tr-pi_275.jpg
C:\Users\Zoran\Downloads\archive300x4\Training\notumor\Tr-no_55.jpg
C:\Users\Zoran\Downloads\archive300x4\Training\notumor\Tr-no_40.jpg
C:\Users\Zoran\Downloads\archive300x4\Training\notumor\Tr-no_25.jpg
C:\Users\Zoran\Downloads\archive300x4\Training\pituitary\Tr-pi_177.jpg
C:\Users\Zoran\Downloads\archive300x4\Training\glioma\Tr-gl_125.jpg
C:\Users\Zoran\Downloads\archive300x4\Training\glioma\Tr-gl_9.jpg
C:\Users\Zoran\Downloads\archive300x4\Training\pituitary\Tr-pi_196.jpg
C:\Users\Zoran\Downloads\archive300x4\Training\pituitary\Tr-pi_248.jpg
C:\Users\Zoran\Downloads\archive300x4\Training\glioma\Tr-gl_96.jpg
C:\Users\Zoran\Downloads\archive300x4\Training\pituitary\Tr-pi_132.jpg
C:\Users\Zoran\Downloads\archive300x4\Training\glioma\Tr-gl_71.jpg
C:\Users\Zoran\Downloads\archive300x4\Training\meningioma\Tr-me_60.jpg
C:\Users\Zoran\Downloads\archive300x4\Training\pituitary\Tr-pi_161.jpg
C:\Users\Zoran\Downloads\archive300x4\Training\glioma\Tr-gl_201.jpg
C:\Users\Zoran\Downloads\archive300x4\Training\notumor\Tr-no_151.jpg
C:\Users\Zoran\Downloads\archive300x4\Training\pituitary\Tr-pi_141.jpg
C:\Users\Zoran\Downloads\archive300x4\Training\glioma\Tr-gl_79.jpg
C:\Users\Zoran\Downloads\archive300x4\Training\pituitary\Tr-pi_11.jpg
C:\Users\Zoran\Downloads\archive300x4\Training\pituitary\Tr-pi_267.jpg
C:\Users\Zoran\Downloads\archive300x4\Training\pituitary\Tr-pi_129.jpg
C:\Users\Zoran\Downloads\archive300x4\Training\glioma\Tr-gl_245.jpg
C:\Users\Zoran\Downloads\archive300x4\Training\glioma\Tr-gl_64.jpg
C:\Users\Zoran\Downloads\archive300x4\Training\meningioma\Tr-me_44.jpg
C:\Users\Zoran\Downloads\archive300x4\Training\pituitary\Tr-pi_101.jpg
C:\Users\Zoran\Downloads\archive300x4\Training\notumor\Tr-no_1.jpg
C:\Users\Zoran\Downloads\archive300x4\Training\notumor\Tr-no_265.jpg
C:\Users\Zoran\Downloads\archive300x4\Training\glioma\Tr-gl_136.jpg
C:\Users\Zoran\Downloads\archive300x4\Training\meningioma\Tr-me_24.jpg
C:\Users\Zoran\Downloads\archive300x4\Training\glioma\Tr-gl_122.jpg
C:\Users\Zoran\Downloads\archive300x4\Training\glioma\Tr-gl_160.jpg
C:\Users\Zoran\Downloads\archive300x4\Training\glioma\Tr-gl_150.jpg
C:\Users\Zoran\Downloads\archive300x4\Training\pituitary\Tr-pi_128.jpg
C:\Users\Zoran\Downloads\archive300x4\Training\glioma\Tr-gl_36.jpg
C:\Users\Zoran\Downloads\archive300x4\Training\glioma\Tr-gl_31.jpg
C:\Users\Zoran\Downloads\archive300x4\Training\notumor\Tr-no_221.jpg
C:\Users\Zoran\Downloads\archive300x4\Training\meningioma\Tr-aug-me_32.jpg
C:\Users\Zoran\Downloads\archive300x4\Training\pituitary\Tr-pi_166.jpg
C:\Users\Zoran\Downloads\archive300x4\Training\notumor\Tr-no_69.jpg
C:\Users\Zoran\Downloads\archive300x4\Training\notumor\Tr-no_57.jpg
C:\Users\Zoran\Downloads\archive300x4\Training\meningioma\Tr-aug-me_80.jpg
C:\Users\Zoran\Downloads\archive300x4\Training\pituitary\Tr-pi_241.jpg
C:\Users\Zoran\Downloads\archive300x4\Training\notumor\Tr-no_215.jpg
C:\Users\Zoran\Downloads\archive300x4\Training\pituitary\Tr-pi_198.jpg
C:\Users\Zoran\Downloads\archive300x4\Training\meningioma\Tr-me_182.jpg
C:\Users\Zoran\Downloads\archive300x4\Training\pituitary\Tr-pi_204.jpg
C:\Users\Zoran\Downloads\archive300x4\Training\glioma\Tr-gl_236.jpg
C:\Users\Zoran\Downloads\archive300x4\Training\glioma\Tr-gl_52.jpg
C:\Users\Zoran\Downloads\archive300x4\Training\glioma\Tr-gl_271.jpg
C:\Users\Zoran\Downloads\archive300x4\Training\meningioma\Tr-me_91.jpg
C:\Users\Zoran\Downloads\archive300x4\Training\meningioma\Tr-aug-me_85.jpg
C:\Users\Zoran\Downloads\archive300x4\Training\pituitary\Tr-pi_288.jpg
C:\Users\Zoran\Downloads\archive300x4\Training\meningioma\Tr-me_74.jpg
C:\Users\Zoran\Downloads\archive300x4\Training\glioma\Tr-gl_86.jpg
C:\Users\Zoran\Downloads\archive300x4\Training\pituitary\Tr-pi_173.jpg
C:\Users\Zoran\Downloads\archive300x4\Training\pituitary\Tr-pi_200.jpg
C:\Users\Zoran\Downloads\archive300x4\Training\pituitary\Tr-pi_202.jpg
C:\Users\Zoran\Downloads\archive300x4\Training\meningioma\Tr-me_122.jpg
Loaded 1200 images
Number of images by label/class
pituitary : 300
meningioma : 300
glioma : 300
notumor : 300
Image set created!
Splitting data set: [0.6, 0.1, 0.3]
-------------------------------------------------------------------------------------------------
CREATING A NEURAL NETWORK
-------------------------------------------------------------------------------------------------
Input Layer { width:64, height:64, depth:3 }
Convolutional Layer { filter width:3, filter height: 3, channels: 32, stride: 1, activation: RELU}
Max Pooling Layer { filter width:2, filter height: 2, stride:2}
Convolutional Layer { filter width:3, filter height: 3, channels: 64, stride: 1, activation: RELU}
Max Pooling Layer { filter width:2, filter height: 2, stride:2}
Convolutional Layer { filter width:3, filter height: 3, channels: 128, stride: 1, activation: RELU}
Max Pooling Layer { filter width:2, filter height: 2, stride:2}
Flatten Layer { width:8192 }
Fully Connected Layer { width:256 activation:RELU}
Output Layer { width:4, activation:SOFTMAX}

------------------------------------------------------------------------
TRAINING NEURAL NETWORK
------------------------------------------------------------------------
Initial Train Error:1.4043741
Epoch:1, Time:146703ms, TrainError:1.1341058, TrainErrorChange:-0.27026832, TrainAccuracy:0.54666483, ValError:0.75560606, ValAccuracy:0.54301083
Epoch:2, Time:152921ms, TrainError:0.8535974, TrainErrorChange:-0.2805084, TrainAccuracy:0.68321747, ValError:0.8055842, ValAccuracy:0.6192377
Epoch:3, Time:153190ms, TrainError:0.7844101, TrainErrorChange:-0.06918728, TrainAccuracy:0.7356363, ValError:0.793277, ValAccuracy:0.7096196
Epoch:4, Time:154341ms, TrainError:0.7241599, TrainErrorChange:-0.060250223, TrainAccuracy:0.76905465, ValError:0.8985226, ValAccuracy:0.69178915
Epoch:5, Time:158135ms, TrainError:0.6899243, TrainErrorChange:-0.034235597, TrainAccuracy:0.8180529, ValError:0.8816616, ValAccuracy:0.7276515
Epoch:6, Time:156057ms, TrainError:0.546657, TrainErrorChange:-0.14326727, TrainAccuracy:0.80948484, ValError:1.2538123, ValAccuracy:0.6837719
Epoch:7, Time:187644ms, TrainError:0.5829969, TrainErrorChange:0.03633988, TrainAccuracy:0.8686416, ValError:1.0651028, ValAccuracy:0.7690432
Epoch:8, Time:183273ms, TrainError:0.4548731, TrainErrorChange:-0.12812379, TrainAccuracy:0.7884537, ValError:2.0206542, ValAccuracy:0.6400613
Epoch:9, Time:203157ms, TrainError:0.5222656, TrainErrorChange:0.0673925, TrainAccuracy:0.8353324, ValError:2.0193923, ValAccuracy:0.69012064
Epoch:10, Time:164491ms, TrainError:0.40350464, TrainErrorChange:-0.11876097, TrainAccuracy:0.8052665, ValError:2.4560518, ValAccuracy:0.6464869
Epoch:11, Time:153348ms, TrainError:0.4743617, TrainErrorChange:0.07085705, TrainAccuracy:0.80227846, ValError:2.2333515, ValAccuracy:0.6524576
Epoch:12, Time:178870ms, TrainError:0.5662231, TrainErrorChange:0.0918614, TrainAccuracy:0.7941255, ValError:2.9382906, ValAccuracy:0.64856267
Epoch:13, Time:181681ms, TrainError:0.65502363, TrainErrorChange:0.08880055, TrainAccuracy:0.9311807, ValError:2.895321, ValAccuracy:0.7935827
Epoch:14, Time:155461ms, TrainError:0.7548877, TrainErrorChange:0.099864066, TrainAccuracy:0.92146194, ValError:2.9583182, ValAccuracy:0.7406862
Epoch:15, Time:156667ms, TrainError:0.6474795, TrainErrorChange:-0.107408226, TrainAccuracy:0.9252868, ValError:3.2817905, ValAccuracy:0.7779263
Epoch:16, Time:157691ms, TrainError:0.6900603, TrainErrorChange:0.042580843, TrainAccuracy:0.8622402, ValError:4.539447, ValAccuracy:0.7109503
Epoch:17, Time:159242ms, TrainError:0.5938742, TrainErrorChange:-0.0961861, TrainAccuracy:0.8610435, ValError:5.170106, ValAccuracy:0.6939575
Epoch:18, Time:159984ms, TrainError:0.8495732, TrainErrorChange:0.25569898, TrainAccuracy:0.9334596, ValError:3.3018365, ValAccuracy:0.7692617
Epoch:19, Time:162795ms, TrainError:0.4962845, TrainErrorChange:-0.35328868, TrainAccuracy:0.9234664, ValError:Infinity, ValAccuracy:0.8055556
Epoch:20, Time:164509ms, TrainError:0.6241667, TrainErrorChange:0.12788221, TrainAccuracy:0.9517542, ValError:Infinity, ValAccuracy:0.846161
Epoch:21, Time:186797ms, TrainError:0.68093807, TrainErrorChange:0.056771338, TrainAccuracy:0.9440228, ValError:Infinity, ValAccuracy:0.73426807
Epoch:22, Time:165957ms, TrainError:1.1507056, TrainErrorChange:0.4697675, TrainAccuracy:0.82497597, ValError:Infinity, ValAccuracy:0.6084559
Epoch:23, Time:167951ms, TrainError:0.79382026, TrainErrorChange:-0.3568853, TrainAccuracy:0.90580267, ValError:3.4537437, ValAccuracy:0.8224062
Epoch:24, Time:169161ms, TrainError:Infinity, TrainErrorChange:Infinity, TrainAccuracy:0.86227125, ValError:Infinity, ValAccuracy:0.6949518
Epoch:25, Time:192454ms, TrainError:1.1611857, TrainErrorChange:-Infinity, TrainAccuracy:0.946292, ValError:Infinity, ValAccuracy:0.778713

TRAINING COMPLETED
Total Training Time: 4636926ms
------------------------------------------------------------------------
------------------------------------------------------------------------------------------------------------------------------------------------
TESTING NETWORK
------------------------------------------------------------------------------------------------------------------------------------------------
Class: Macro Average
Total items: 414
True positive:306.0 Number of examples correctly classified as positive
True negative:0.0 Number of examples correctly classified as negative
False positive:54.0 Number of examples incorrectly classified as positive
False negative:54.0 Number of examples incorrectly classified as negative
Accuracy (ACC): 0.73913044 How often is a classifier correct in total (percent of correct classifications)
Precision (PPV): 0.85 How often is a classifier correct when it gives positive prediction
Recall: 0.85 When it is actually positive class, how often does it give positive prediction
F1 Score: 0.85 Harmonic average (balance) of precision and recall
Specificity (TNR): 0.0 When it is actually negative class, how often does it give negative prediction
Fall-out (FPR): 1.0 How often it gives false positive prediction in total (percent of false positive predictions)
False negative rate (FNR): 0.15 How often it gives false negative prediction in total (percent of false negative predictions)

CONFUSION MATRIX
Confusion Matrix [actual, predicted]
             |        none |      glioma |  meningioma |     notumor |   pituitary |
------------------------------------------------------------------------------------
        none |           0 |           0 |           0 |           0 |           0 |
      glioma |           0 |          92 |           7 |           0 |           0 |
  meningioma |           0 |          16 |          60 |           2 |           5 |
     notumor |           0 |           2 |           6 |          77 |           0 |
   pituitary |           0 |           7 |           9 |           0 |          77 |

Generalization ratio=0.0
Trained network saved to: C:/Users/Zoran/Documents/NetBeansProjects/BrainTumorClassifierProject/\Trained Models/deepNetwork300.dnet
